{"C:\\Users\\User\\Desktop\\Store_Manager_develop\\server\\test\\controllers\\a_userController.js":{"path":"C:\\Users\\User\\Desktop\\Store_Manager_develop\\server\\test\\controllers\\a_userController.js","statementMap":{"0":{"start":{"line":3,"column":12},"end":{"line":3,"column":27}},"1":{"start":{"line":5,"column":13},"end":{"line":5,"column":42}},"2":{"start":{"line":7,"column":16},"end":{"line":7,"column":36}},"3":{"start":{"line":9,"column":17},"end":{"line":9,"column":50}},"4":{"start":{"line":11,"column":11},"end":{"line":11,"column":34}},"5":{"start":{"line":13,"column":12},"end":{"line":13,"column":40}},"6":{"start":{"line":15,"column":16},"end":{"line":15,"column":38}},"7":{"start":{"line":17,"column":39},"end":{"line":17,"column":93}},"8":{"start":{"line":19,"column":16},"end":{"line":19,"column":22}},"9":{"start":{"line":20,"column":17},"end":{"line":20,"column":23}},"10":{"start":{"line":21,"column":0},"end":{"line":21,"column":39}},"11":{"start":{"line":22,"column":13},"end":{"line":22,"column":34}},"12":{"start":{"line":23,"column":12},"end":{"line":23,"column":39}},"13":{"start":{"line":24,"column":16},"end":{"line":24,"column":47}},"14":{"start":{"line":25,"column":19},"end":{"line":25,"column":53}},"15":{"start":{"line":26,"column":20},"end":{"line":26,"column":55}},"16":{"start":{"line":27,"column":17},"end":{"line":27,"column":49}},"17":{"start":{"line":29,"column":0},"end":{"line":130,"column":3}},"18":{"start":{"line":30,"column":2},"end":{"line":35,"column":5}},"19":{"start":{"line":31,"column":4},"end":{"line":34,"column":7}},"20":{"start":{"line":32,"column":6},"end":{"line":32,"column":34}},"21":{"start":{"line":33,"column":6},"end":{"line":33,"column":13}},"22":{"start":{"line":36,"column":2},"end":{"line":42,"column":5}},"23":{"start":{"line":37,"column":4},"end":{"line":41,"column":7}},"24":{"start":{"line":38,"column":6},"end":{"line":38,"column":62}},"25":{"start":{"line":39,"column":6},"end":{"line":39,"column":39}},"26":{"start":{"line":40,"column":6},"end":{"line":40,"column":13}},"27":{"start":{"line":43,"column":2},"end":{"line":50,"column":5}},"28":{"start":{"line":44,"column":4},"end":{"line":49,"column":7}},"29":{"start":{"line":45,"column":6},"end":{"line":45,"column":41}},"30":{"start":{"line":46,"column":6},"end":{"line":46,"column":61}},"31":{"start":{"line":47,"column":6},"end":{"line":47,"column":39}},"32":{"start":{"line":48,"column":6},"end":{"line":48,"column":13}},"33":{"start":{"line":52,"column":2},"end":{"line":58,"column":5}},"34":{"start":{"line":53,"column":4},"end":{"line":57,"column":7}},"35":{"start":{"line":54,"column":6},"end":{"line":54,"column":55}},"36":{"start":{"line":55,"column":6},"end":{"line":55,"column":39}},"37":{"start":{"line":56,"column":6},"end":{"line":56,"column":13}},"38":{"start":{"line":59,"column":2},"end":{"line":65,"column":5}},"39":{"start":{"line":60,"column":4},"end":{"line":64,"column":7}},"40":{"start":{"line":61,"column":6},"end":{"line":61,"column":49}},"41":{"start":{"line":62,"column":6},"end":{"line":62,"column":39}},"42":{"start":{"line":63,"column":6},"end":{"line":63,"column":13}},"43":{"start":{"line":66,"column":2},"end":{"line":73,"column":5}},"44":{"start":{"line":67,"column":21},"end":{"line":67,"column":49}},"45":{"start":{"line":68,"column":4},"end":{"line":72,"column":7}},"46":{"start":{"line":69,"column":6},"end":{"line":69,"column":56}},"47":{"start":{"line":70,"column":6},"end":{"line":70,"column":39}},"48":{"start":{"line":71,"column":6},"end":{"line":71,"column":13}},"49":{"start":{"line":75,"column":2},"end":{"line":81,"column":5}},"50":{"start":{"line":76,"column":4},"end":{"line":80,"column":7}},"51":{"start":{"line":77,"column":6},"end":{"line":77,"column":56}},"52":{"start":{"line":78,"column":6},"end":{"line":78,"column":39}},"53":{"start":{"line":79,"column":6},"end":{"line":79,"column":13}},"54":{"start":{"line":82,"column":2},"end":{"line":91,"column":5}},"55":{"start":{"line":83,"column":4},"end":{"line":90,"column":7}},"56":{"start":{"line":84,"column":6},"end":{"line":84,"column":41}},"57":{"start":{"line":85,"column":6},"end":{"line":85,"column":46}},"58":{"start":{"line":86,"column":6},"end":{"line":86,"column":49}},"59":{"start":{"line":87,"column":6},"end":{"line":87,"column":39}},"60":{"start":{"line":88,"column":6},"end":{"line":88,"column":33}},"61":{"start":{"line":89,"column":6},"end":{"line":89,"column":13}},"62":{"start":{"line":92,"column":2},"end":{"line":98,"column":5}},"63":{"start":{"line":93,"column":4},"end":{"line":97,"column":7}},"64":{"start":{"line":94,"column":6},"end":{"line":94,"column":49}},"65":{"start":{"line":95,"column":6},"end":{"line":95,"column":39}},"66":{"start":{"line":96,"column":6},"end":{"line":96,"column":13}},"67":{"start":{"line":99,"column":2},"end":{"line":105,"column":5}},"68":{"start":{"line":100,"column":4},"end":{"line":104,"column":7}},"69":{"start":{"line":101,"column":6},"end":{"line":101,"column":59}},"70":{"start":{"line":102,"column":6},"end":{"line":102,"column":39}},"71":{"start":{"line":103,"column":6},"end":{"line":103,"column":13}},"72":{"start":{"line":106,"column":2},"end":{"line":114,"column":5}},"73":{"start":{"line":107,"column":4},"end":{"line":113,"column":7}},"74":{"start":{"line":108,"column":6},"end":{"line":108,"column":60}},"75":{"start":{"line":109,"column":6},"end":{"line":109,"column":64}},"76":{"start":{"line":110,"column":6},"end":{"line":110,"column":83}},"77":{"start":{"line":111,"column":6},"end":{"line":111,"column":39}},"78":{"start":{"line":112,"column":6},"end":{"line":112,"column":13}},"79":{"start":{"line":115,"column":2},"end":{"line":121,"column":5}},"80":{"start":{"line":116,"column":4},"end":{"line":120,"column":7}},"81":{"start":{"line":117,"column":6},"end":{"line":117,"column":64}},"82":{"start":{"line":118,"column":6},"end":{"line":118,"column":39}},"83":{"start":{"line":119,"column":6},"end":{"line":119,"column":13}},"84":{"start":{"line":122,"column":2},"end":{"line":129,"column":5}},"85":{"start":{"line":123,"column":4},"end":{"line":128,"column":7}},"86":{"start":{"line":124,"column":6},"end":{"line":124,"column":67}},"87":{"start":{"line":125,"column":6},"end":{"line":125,"column":54}},"88":{"start":{"line":126,"column":6},"end":{"line":126,"column":39}},"89":{"start":{"line":127,"column":6},"end":{"line":127,"column":13}}},"fnMap":{"0":{"name":"_interopRequireDefault","decl":{"start":{"line":17,"column":9},"end":{"line":17,"column":31}},"loc":{"start":{"line":17,"column":37},"end":{"line":17,"column":95}},"line":17},"1":{"name":"(anonymous_1)","decl":{"start":{"line":29,"column":17},"end":{"line":29,"column":18}},"loc":{"start":{"line":29,"column":29},"end":{"line":130,"column":1}},"line":29},"2":{"name":"(anonymous_2)","decl":{"start":{"line":30,"column":9},"end":{"line":30,"column":10}},"loc":{"start":{"line":30,"column":25},"end":{"line":35,"column":3}},"line":30},"3":{"name":"(anonymous_3)","decl":{"start":{"line":31,"column":89},"end":{"line":31,"column":90}},"loc":{"start":{"line":31,"column":109},"end":{"line":34,"column":5}},"line":31},"4":{"name":"(anonymous_4)","decl":{"start":{"line":36,"column":54},"end":{"line":36,"column":55}},"loc":{"start":{"line":36,"column":70},"end":{"line":42,"column":3}},"line":36},"5":{"name":"(anonymous_5)","decl":{"start":{"line":37,"column":105},"end":{"line":37,"column":106}},"loc":{"start":{"line":37,"column":125},"end":{"line":41,"column":5}},"line":37},"6":{"name":"(anonymous_6)","decl":{"start":{"line":43,"column":57},"end":{"line":43,"column":58}},"loc":{"start":{"line":43,"column":73},"end":{"line":50,"column":3}},"line":43},"7":{"name":"(anonymous_7)","decl":{"start":{"line":44,"column":93},"end":{"line":44,"column":94}},"loc":{"start":{"line":44,"column":113},"end":{"line":49,"column":5}},"line":44},"8":{"name":"(anonymous_8)","decl":{"start":{"line":52,"column":50},"end":{"line":52,"column":51}},"loc":{"start":{"line":52,"column":66},"end":{"line":58,"column":3}},"line":52},"9":{"name":"(anonymous_9)","decl":{"start":{"line":53,"column":102},"end":{"line":53,"column":103}},"loc":{"start":{"line":53,"column":122},"end":{"line":57,"column":5}},"line":53},"10":{"name":"(anonymous_10)","decl":{"start":{"line":59,"column":37},"end":{"line":59,"column":38}},"loc":{"start":{"line":59,"column":53},"end":{"line":65,"column":3}},"line":59},"11":{"name":"(anonymous_11)","decl":{"start":{"line":60,"column":101},"end":{"line":60,"column":102}},"loc":{"start":{"line":60,"column":121},"end":{"line":64,"column":5}},"line":60},"12":{"name":"(anonymous_12)","decl":{"start":{"line":66,"column":57},"end":{"line":66,"column":58}},"loc":{"start":{"line":66,"column":73},"end":{"line":73,"column":3}},"line":66},"13":{"name":"(anonymous_13)","decl":{"start":{"line":68,"column":102},"end":{"line":68,"column":103}},"loc":{"start":{"line":68,"column":122},"end":{"line":72,"column":5}},"line":68},"14":{"name":"(anonymous_14)","decl":{"start":{"line":75,"column":57},"end":{"line":75,"column":58}},"loc":{"start":{"line":75,"column":73},"end":{"line":81,"column":3}},"line":75},"15":{"name":"(anonymous_15)","decl":{"start":{"line":76,"column":68},"end":{"line":76,"column":69}},"loc":{"start":{"line":76,"column":88},"end":{"line":80,"column":5}},"line":76},"16":{"name":"(anonymous_16)","decl":{"start":{"line":82,"column":37},"end":{"line":82,"column":38}},"loc":{"start":{"line":82,"column":53},"end":{"line":91,"column":3}},"line":82},"17":{"name":"(anonymous_17)","decl":{"start":{"line":83,"column":85},"end":{"line":83,"column":86}},"loc":{"start":{"line":83,"column":105},"end":{"line":90,"column":5}},"line":83},"18":{"name":"(anonymous_18)","decl":{"start":{"line":92,"column":49},"end":{"line":92,"column":50}},"loc":{"start":{"line":92,"column":65},"end":{"line":98,"column":3}},"line":92},"19":{"name":"(anonymous_19)","decl":{"start":{"line":93,"column":104},"end":{"line":93,"column":105}},"loc":{"start":{"line":93,"column":124},"end":{"line":97,"column":5}},"line":93},"20":{"name":"(anonymous_20)","decl":{"start":{"line":99,"column":52},"end":{"line":99,"column":53}},"loc":{"start":{"line":99,"column":68},"end":{"line":105,"column":3}},"line":99},"21":{"name":"(anonymous_21)","decl":{"start":{"line":100,"column":122},"end":{"line":100,"column":123}},"loc":{"start":{"line":100,"column":142},"end":{"line":104,"column":5}},"line":100},"22":{"name":"(anonymous_22)","decl":{"start":{"line":106,"column":49},"end":{"line":106,"column":50}},"loc":{"start":{"line":106,"column":65},"end":{"line":114,"column":3}},"line":106},"23":{"name":"(anonymous_23)","decl":{"start":{"line":107,"column":127},"end":{"line":107,"column":128}},"loc":{"start":{"line":107,"column":147},"end":{"line":113,"column":5}},"line":107},"24":{"name":"(anonymous_24)","decl":{"start":{"line":115,"column":50},"end":{"line":115,"column":51}},"loc":{"start":{"line":115,"column":66},"end":{"line":121,"column":3}},"line":115},"25":{"name":"(anonymous_25)","decl":{"start":{"line":116,"column":90},"end":{"line":116,"column":91}},"loc":{"start":{"line":116,"column":110},"end":{"line":120,"column":5}},"line":116},"26":{"name":"(anonymous_26)","decl":{"start":{"line":122,"column":42},"end":{"line":122,"column":43}},"loc":{"start":{"line":122,"column":58},"end":{"line":129,"column":3}},"line":122},"27":{"name":"(anonymous_27)","decl":{"start":{"line":123,"column":129},"end":{"line":123,"column":130}},"loc":{"start":{"line":123,"column":149},"end":{"line":128,"column":5}},"line":123}},"branchMap":{"0":{"loc":{"start":{"line":17,"column":46},"end":{"line":17,"column":92}},"type":"cond-expr","locations":[{"start":{"line":17,"column":70},"end":{"line":17,"column":73}},{"start":{"line":17,"column":76},"end":{"line":17,"column":92}}],"line":17},"1":{"loc":{"start":{"line":17,"column":46},"end":{"line":17,"column":67}},"type":"binary-expr","locations":[{"start":{"line":17,"column":46},"end":{"line":17,"column":49}},{"start":{"line":17,"column":53},"end":{"line":17,"column":67}}],"line":17}},"s":{"0":1,"1":1,"2":1,"3":1,"4":1,"5":1,"6":1,"7":3,"8":1,"9":1,"10":1,"11":1,"12":1,"13":1,"14":1,"15":1,"16":1,"17":1,"18":1,"19":1,"20":1,"21":1,"22":1,"23":1,"24":1,"25":1,"26":1,"27":1,"28":1,"29":1,"30":1,"31":1,"32":1,"33":1,"34":1,"35":1,"36":1,"37":1,"38":1,"39":1,"40":1,"41":1,"42":1,"43":1,"44":1,"45":1,"46":1,"47":1,"48":1,"49":1,"50":1,"51":1,"52":1,"53":1,"54":1,"55":1,"56":1,"57":1,"58":1,"59":1,"60":1,"61":1,"62":1,"63":1,"64":1,"65":1,"66":1,"67":1,"68":1,"69":1,"70":1,"71":1,"72":1,"73":1,"74":1,"75":1,"76":1,"77":1,"78":1,"79":1,"80":1,"81":1,"82":1,"83":1,"84":1,"85":1,"86":1,"87":1,"88":1,"89":1},"f":{"0":3,"1":1,"2":1,"3":1,"4":1,"5":1,"6":1,"7":1,"8":1,"9":1,"10":1,"11":1,"12":1,"13":1,"14":1,"15":1,"16":1,"17":1,"18":1,"19":1,"20":1,"21":1,"22":1,"23":1,"24":1,"25":1,"26":1,"27":1},"b":{"0":[1,2],"1":[3,3]},"_coverageSchema":"d34fc3e6b8297bcde183f5492bcb8fcb36775295","hash":"6d5edaf2288e2aa3192e9ee858c055ff227ded07","contentHash":"d168f52256935fae608f7cb3fc78a28d"},"C:\\Users\\User\\Desktop\\Store_Manager_develop\\app.js":{"path":"C:\\Users\\User\\Desktop\\Store_Manager_develop\\app.js","statementMap":{"0":{"start":{"line":3,"column":0},"end":{"line":5,"column":3}},"1":{"start":{"line":7,"column":13},"end":{"line":7,"column":38}},"2":{"start":{"line":9,"column":14},"end":{"line":9,"column":44}},"3":{"start":{"line":11,"column":14},"end":{"line":11,"column":31}},"4":{"start":{"line":13,"column":15},"end":{"line":13,"column":46}},"5":{"start":{"line":15,"column":39},"end":{"line":15,"column":93}},"6":{"start":{"line":17,"column":0},"end":{"line":17,"column":26}},"7":{"start":{"line":19,"column":11},"end":{"line":19,"column":27}},"8":{"start":{"line":20,"column":0},"end":{"line":22,"column":3}},"9":{"start":{"line":21,"column":1},"end":{"line":21,"column":73}},"10":{"start":{"line":24,"column":0},"end":{"line":24,"column":34}}},"fnMap":{"0":{"name":"_interopRequireDefault","decl":{"start":{"line":15,"column":9},"end":{"line":15,"column":31}},"loc":{"start":{"line":15,"column":37},"end":{"line":15,"column":95}},"line":15},"1":{"name":"(anonymous_1)","decl":{"start":{"line":20,"column":29},"end":{"line":20,"column":30}},"loc":{"start":{"line":20,"column":41},"end":{"line":22,"column":1}},"line":20}},"branchMap":{"0":{"loc":{"start":{"line":15,"column":46},"end":{"line":15,"column":92}},"type":"cond-expr","locations":[{"start":{"line":15,"column":70},"end":{"line":15,"column":73}},{"start":{"line":15,"column":76},"end":{"line":15,"column":92}}],"line":15},"1":{"loc":{"start":{"line":15,"column":46},"end":{"line":15,"column":67}},"type":"binary-expr","locations":[{"start":{"line":15,"column":46},"end":{"line":15,"column":49}},{"start":{"line":15,"column":53},"end":{"line":15,"column":67}}],"line":15}},"s":{"0":1,"1":1,"2":1,"3":1,"4":1,"5":2,"6":1,"7":1,"8":1,"9":1,"10":1},"f":{"0":2,"1":1},"b":{"0":[1,1],"1":[2,2]},"_coverageSchema":"d34fc3e6b8297bcde183f5492bcb8fcb36775295","hash":"d306df34e915093b2c2fcc8417c64a2f8e0db700","contentHash":"0c0daecc012d28bfe982f81196c8500d"},"C:\\Users\\User\\Desktop\\Store_Manager_develop\\server\\index.js":{"path":"C:\\Users\\User\\Desktop\\Store_Manager_develop\\server\\index.js","statementMap":{"0":{"start":{"line":3,"column":0},"end":{"line":5,"column":3}},"1":{"start":{"line":7,"column":15},"end":{"line":7,"column":33}},"2":{"start":{"line":9,"column":16},"end":{"line":9,"column":48}},"3":{"start":{"line":11,"column":18},"end":{"line":11,"column":40}},"4":{"start":{"line":13,"column":19},"end":{"line":13,"column":54}},"5":{"start":{"line":15,"column":24},"end":{"line":15,"column":52}},"6":{"start":{"line":17,"column":25},"end":{"line":17,"column":66}},"7":{"start":{"line":19,"column":13},"end":{"line":19,"column":38}},"8":{"start":{"line":21,"column":14},"end":{"line":21,"column":44}},"9":{"start":{"line":23,"column":39},"end":{"line":23,"column":93}},"10":{"start":{"line":26,"column":10},"end":{"line":26,"column":34}},"11":{"start":{"line":29,"column":0},"end":{"line":29,"column":37}},"12":{"start":{"line":30,"column":0},"end":{"line":30,"column":62}},"13":{"start":{"line":33,"column":0},"end":{"line":33,"column":43}},"14":{"start":{"line":36,"column":0},"end":{"line":36,"column":37}},"15":{"start":{"line":37,"column":0},"end":{"line":37,"column":22}}},"fnMap":{"0":{"name":"_interopRequireDefault","decl":{"start":{"line":23,"column":9},"end":{"line":23,"column":31}},"loc":{"start":{"line":23,"column":37},"end":{"line":23,"column":95}},"line":23}},"branchMap":{"0":{"loc":{"start":{"line":23,"column":46},"end":{"line":23,"column":92}},"type":"cond-expr","locations":[{"start":{"line":23,"column":70},"end":{"line":23,"column":73}},{"start":{"line":23,"column":76},"end":{"line":23,"column":92}}],"line":23},"1":{"loc":{"start":{"line":23,"column":46},"end":{"line":23,"column":67}},"type":"binary-expr","locations":[{"start":{"line":23,"column":46},"end":{"line":23,"column":49}},{"start":{"line":23,"column":53},"end":{"line":23,"column":67}}],"line":23}},"s":{"0":1,"1":1,"2":1,"3":1,"4":1,"5":1,"6":1,"7":1,"8":1,"9":4,"10":1,"11":1,"12":1,"13":1,"14":1,"15":1},"f":{"0":4},"b":{"0":[1,3],"1":[4,4]},"_coverageSchema":"d34fc3e6b8297bcde183f5492bcb8fcb36775295","hash":"6d24c07d852c2b9f2089d16db3178b17d46cb205","contentHash":"cbff01ac2e03f9661103d2d655308604"},"C:\\Users\\User\\Desktop\\Store_Manager_develop\\server\\routes\\index.js":{"path":"C:\\Users\\User\\Desktop\\Store_Manager_develop\\server\\routes\\index.js","statementMap":{"0":{"start":{"line":3,"column":0},"end":{"line":5,"column":3}},"1":{"start":{"line":7,"column":15},"end":{"line":7,"column":33}},"2":{"start":{"line":9,"column":16},"end":{"line":9,"column":48}},"3":{"start":{"line":11,"column":22},"end":{"line":11,"column":62}},"4":{"start":{"line":13,"column":23},"end":{"line":13,"column":62}},"5":{"start":{"line":15,"column":25},"end":{"line":15,"column":68}},"6":{"start":{"line":17,"column":26},"end":{"line":17,"column":68}},"7":{"start":{"line":19,"column":23},"end":{"line":19,"column":64}},"8":{"start":{"line":21,"column":24},"end":{"line":21,"column":64}},"9":{"start":{"line":23,"column":21},"end":{"line":23,"column":60}},"10":{"start":{"line":25,"column":22},"end":{"line":25,"column":60}},"11":{"start":{"line":27,"column":21},"end":{"line":27,"column":60}},"12":{"start":{"line":29,"column":22},"end":{"line":29,"column":60}},"13":{"start":{"line":31,"column":24},"end":{"line":31,"column":66}},"14":{"start":{"line":33,"column":25},"end":{"line":33,"column":66}},"15":{"start":{"line":35,"column":19},"end":{"line":35,"column":56}},"16":{"start":{"line":37,"column":20},"end":{"line":37,"column":56}},"17":{"start":{"line":39,"column":19},"end":{"line":39,"column":56}},"18":{"start":{"line":41,"column":20},"end":{"line":41,"column":56}},"19":{"start":{"line":43,"column":23},"end":{"line":43,"column":64}},"20":{"start":{"line":45,"column":24},"end":{"line":45,"column":64}},"21":{"start":{"line":47,"column":22},"end":{"line":47,"column":62}},"22":{"start":{"line":49,"column":23},"end":{"line":49,"column":62}},"23":{"start":{"line":51,"column":39},"end":{"line":51,"column":93}},"24":{"start":{"line":54,"column":18},"end":{"line":54,"column":54}},"25":{"start":{"line":55,"column":17},"end":{"line":55,"column":52}},"26":{"start":{"line":56,"column":16},"end":{"line":56,"column":50}},"27":{"start":{"line":57,"column":14},"end":{"line":57,"column":46}},"28":{"start":{"line":58,"column":17},"end":{"line":58,"column":55}},"29":{"start":{"line":59,"column":17},"end":{"line":59,"column":55}},"30":{"start":{"line":60,"column":21},"end":{"line":60,"column":63}},"31":{"start":{"line":61,"column":20},"end":{"line":61,"column":59}},"32":{"start":{"line":62,"column":25},"end":{"line":62,"column":69}},"33":{"start":{"line":63,"column":20},"end":{"line":63,"column":59}},"34":{"start":{"line":64,"column":29},"end":{"line":64,"column":77}},"35":{"start":{"line":67,"column":16},"end":{"line":67,"column":49}},"36":{"start":{"line":68,"column":24},"end":{"line":68,"column":65}},"37":{"start":{"line":69,"column":23},"end":{"line":69,"column":63}},"38":{"start":{"line":70,"column":19},"end":{"line":70,"column":53}},"39":{"start":{"line":71,"column":14},"end":{"line":71,"column":43}},"40":{"start":{"line":72,"column":18},"end":{"line":72,"column":55}},"41":{"start":{"line":73,"column":26},"end":{"line":73,"column":72}},"42":{"start":{"line":74,"column":24},"end":{"line":74,"column":66}},"43":{"start":{"line":77,"column":13},"end":{"line":77,"column":39}},"44":{"start":{"line":80,"column":0},"end":{"line":80,"column":62}},"45":{"start":{"line":81,"column":0},"end":{"line":81,"column":62}},"46":{"start":{"line":82,"column":0},"end":{"line":82,"column":86}},"47":{"start":{"line":83,"column":0},"end":{"line":83,"column":56}},"48":{"start":{"line":86,"column":0},"end":{"line":86,"column":81}},"49":{"start":{"line":87,"column":0},"end":{"line":87,"column":72}},"50":{"start":{"line":88,"column":0},"end":{"line":88,"column":54}},"51":{"start":{"line":91,"column":0},"end":{"line":91,"column":83}},"52":{"start":{"line":92,"column":0},"end":{"line":92,"column":64}},"53":{"start":{"line":93,"column":0},"end":{"line":93,"column":70}},"54":{"start":{"line":94,"column":0},"end":{"line":94,"column":64}},"55":{"start":{"line":96,"column":0},"end":{"line":96,"column":25}}},"fnMap":{"0":{"name":"_interopRequireDefault","decl":{"start":{"line":51,"column":9},"end":{"line":51,"column":31}},"loc":{"start":{"line":51,"column":37},"end":{"line":51,"column":95}},"line":51}},"branchMap":{"0":{"loc":{"start":{"line":51,"column":46},"end":{"line":51,"column":92}},"type":"cond-expr","locations":[{"start":{"line":51,"column":70},"end":{"line":51,"column":73}},{"start":{"line":51,"column":76},"end":{"line":51,"column":92}}],"line":51},"1":{"loc":{"start":{"line":51,"column":46},"end":{"line":51,"column":67}},"type":"binary-expr","locations":[{"start":{"line":51,"column":46},"end":{"line":51,"column":49}},{"start":{"line":51,"column":53},"end":{"line":51,"column":67}}],"line":51}},"s":{"0":1,"1":1,"2":1,"3":1,"4":1,"5":1,"6":1,"7":1,"8":1,"9":1,"10":1,"11":1,"12":1,"13":1,"14":1,"15":1,"16":1,"17":1,"18":1,"19":1,"20":1,"21":1,"22":1,"23":11,"24":1,"25":1,"26":1,"27":1,"28":1,"29":1,"30":1,"31":1,"32":1,"33":1,"34":1,"35":1,"36":1,"37":1,"38":1,"39":1,"40":1,"41":1,"42":1,"43":1,"44":1,"45":1,"46":1,"47":1,"48":1,"49":1,"50":1,"51":1,"52":1,"53":1,"54":1,"55":1},"f":{"0":11},"b":{"0":[10,1],"1":[11,11]},"_coverageSchema":"d34fc3e6b8297bcde183f5492bcb8fcb36775295","hash":"bafcd4761c21dddfe38254a38803eed1a6539063","contentHash":"8dd28d0670f5acf7738fc9ae1e843b0b"},"C:\\Users\\User\\Desktop\\Store_Manager_develop\\server\\controllers\\userController.js":{"path":"C:\\Users\\User\\Desktop\\Store_Manager_develop\\server\\controllers\\userController.js","statementMap":{"0":{"start":{"line":3,"column":0},"end":{"line":5,"column":3}},"1":{"start":{"line":7,"column":19},"end":{"line":7,"column":563}},"2":{"start":{"line":7,"column":76},"end":{"line":7,"column":347}},"3":{"start":{"line":7,"column":134},"end":{"line":7,"column":142}},"4":{"start":{"line":7,"column":144},"end":{"line":7,"column":199}},"5":{"start":{"line":7,"column":200},"end":{"line":7,"column":231}},"6":{"start":{"line":7,"column":232},"end":{"line":7,"column":286}},"7":{"start":{"line":7,"column":259},"end":{"line":7,"column":286}},"8":{"start":{"line":7,"column":287},"end":{"line":7,"column":345}},"9":{"start":{"line":7,"column":350},"end":{"line":7,"column":559}},"10":{"start":{"line":7,"column":407},"end":{"line":7,"column":475}},"11":{"start":{"line":7,"column":423},"end":{"line":7,"column":475}},"12":{"start":{"line":7,"column":476},"end":{"line":7,"column":536}},"13":{"start":{"line":7,"column":493},"end":{"line":7,"column":536}},"14":{"start":{"line":7,"column":537},"end":{"line":7,"column":556}},"15":{"start":{"line":9,"column":16},"end":{"line":9,"column":35}},"16":{"start":{"line":11,"column":17},"end":{"line":11,"column":50}},"17":{"start":{"line":13,"column":14},"end":{"line":13,"column":31}},"18":{"start":{"line":15,"column":15},"end":{"line":15,"column":46}},"19":{"start":{"line":17,"column":20},"end":{"line":17,"column":43}},"20":{"start":{"line":19,"column":21},"end":{"line":19,"column":58}},"21":{"start":{"line":21,"column":18},"end":{"line":21,"column":53}},"22":{"start":{"line":23,"column":19},"end":{"line":23,"column":54}},"23":{"start":{"line":25,"column":39},"end":{"line":25,"column":93}},"24":{"start":{"line":27,"column":50},"end":{"line":27,"column":151}},"25":{"start":{"line":27,"column":92},"end":{"line":27,"column":149}},"26":{"start":{"line":29,"column":0},"end":{"line":29,"column":26}},"27":{"start":{"line":31,"column":13},"end":{"line":31,"column":36}},"28":{"start":{"line":33,"column":12},"end":{"line":163,"column":3}},"29":{"start":{"line":35,"column":4},"end":{"line":35,"column":33}},"30":{"start":{"line":38,"column":2},"end":{"line":160,"column":6}},"31":{"start":{"line":41,"column":6},"end":{"line":45,"column":9}},"32":{"start":{"line":50,"column":19},"end":{"line":50,"column":36}},"33":{"start":{"line":52,"column":23},"end":{"line":52,"column":29}},"34":{"start":{"line":53,"column":18},"end":{"line":53,"column":23}},"35":{"start":{"line":54,"column":6},"end":{"line":60,"column":9}},"36":{"start":{"line":55,"column":8},"end":{"line":58,"column":9}},"37":{"start":{"line":56,"column":10},"end":{"line":56,"column":28}},"38":{"start":{"line":57,"column":10},"end":{"line":57,"column":23}},"39":{"start":{"line":59,"column":8},"end":{"line":59,"column":21}},"40":{"start":{"line":61,"column":6},"end":{"line":67,"column":7}},"41":{"start":{"line":62,"column":8},"end":{"line":66,"column":11}},"42":{"start":{"line":68,"column":6},"end":{"line":71,"column":9}},"43":{"start":{"line":76,"column":22},"end":{"line":76,"column":30}},"44":{"start":{"line":77,"column":21},"end":{"line":77,"column":39}},"45":{"start":{"line":78,"column":21},"end":{"line":78,"column":39}},"46":{"start":{"line":80,"column":23},"end":{"line":80,"column":29}},"47":{"start":{"line":81,"column":18},"end":{"line":81,"column":23}},"48":{"start":{"line":82,"column":6},"end":{"line":102,"column":9}},"49":{"start":{"line":83,"column":8},"end":{"line":100,"column":9}},"50":{"start":{"line":84,"column":19},"end":{"line":84,"column":26}},"51":{"start":{"line":85,"column":21},"end":{"line":85,"column":30}},"52":{"start":{"line":86,"column":22},"end":{"line":86,"column":32}},"53":{"start":{"line":87,"column":21},"end":{"line":87,"column":30}},"54":{"start":{"line":88,"column":24},"end":{"line":88,"column":36}},"55":{"start":{"line":90,"column":10},"end":{"line":97,"column":12}},"56":{"start":{"line":98,"column":10},"end":{"line":98,"column":23}},"57":{"start":{"line":99,"column":10},"end":{"line":99,"column":22}},"58":{"start":{"line":101,"column":8},"end":{"line":101,"column":21}},"59":{"start":{"line":103,"column":6},"end":{"line":111,"column":7}},"60":{"start":{"line":104,"column":20},"end":{"line":104,"column":89}},"61":{"start":{"line":105,"column":8},"end":{"line":110,"column":11}},"62":{"start":{"line":112,"column":6},"end":{"line":115,"column":9}},"63":{"start":{"line":120,"column":23},"end":{"line":120,"column":31}},"64":{"start":{"line":121,"column":17},"end":{"line":121,"column":32}},"65":{"start":{"line":122,"column":21},"end":{"line":122,"column":40}},"66":{"start":{"line":123,"column":18},"end":{"line":123,"column":34}},"67":{"start":{"line":124,"column":21},"end":{"line":124,"column":40}},"68":{"start":{"line":125,"column":17},"end":{"line":125,"column":32}},"69":{"start":{"line":127,"column":22},"end":{"line":127,"column":27}},"70":{"start":{"line":128,"column":23},"end":{"line":128,"column":29}},"71":{"start":{"line":129,"column":6},"end":{"line":135,"column":9}},"72":{"start":{"line":130,"column":8},"end":{"line":133,"column":9}},"73":{"start":{"line":131,"column":10},"end":{"line":131,"column":27}},"74":{"start":{"line":132,"column":10},"end":{"line":132,"column":23}},"75":{"start":{"line":134,"column":8},"end":{"line":134,"column":20}},"76":{"start":{"line":136,"column":6},"end":{"line":154,"column":7}},"77":{"start":{"line":137,"column":19},"end":{"line":137,"column":60}},"78":{"start":{"line":138,"column":17},"end":{"line":138,"column":48}},"79":{"start":{"line":139,"column":8},"end":{"line":147,"column":10}},"80":{"start":{"line":148,"column":8},"end":{"line":148,"column":46}},"81":{"start":{"line":149,"column":8},"end":{"line":153,"column":11}},"82":{"start":{"line":155,"column":6},"end":{"line":158,"column":9}},"83":{"start":{"line":162,"column":2},"end":{"line":162,"column":15}},"84":{"start":{"line":165,"column":0},"end":{"line":165,"column":24}}},"fnMap":{"0":{"name":"(anonymous_0)","decl":{"start":{"line":7,"column":19},"end":{"line":7,"column":20}},"loc":{"start":{"line":7,"column":31},"end":{"line":7,"column":561}},"line":7},"1":{"name":"defineProperties","decl":{"start":{"line":7,"column":42},"end":{"line":7,"column":58}},"loc":{"start":{"line":7,"column":74},"end":{"line":7,"column":349}},"line":7},"2":{"name":"(anonymous_2)","decl":{"start":{"line":7,"column":357},"end":{"line":7,"column":358}},"loc":{"start":{"line":7,"column":405},"end":{"line":7,"column":558}},"line":7},"3":{"name":"_interopRequireDefault","decl":{"start":{"line":25,"column":9},"end":{"line":25,"column":31}},"loc":{"start":{"line":25,"column":37},"end":{"line":25,"column":95}},"line":25},"4":{"name":"_classCallCheck","decl":{"start":{"line":27,"column":9},"end":{"line":27,"column":24}},"loc":{"start":{"line":27,"column":48},"end":{"line":27,"column":153}},"line":27},"5":{"name":"(anonymous_5)","decl":{"start":{"line":33,"column":12},"end":{"line":33,"column":13}},"loc":{"start":{"line":33,"column":24},"end":{"line":163,"column":1}},"line":33},"6":{"name":"Users","decl":{"start":{"line":34,"column":11},"end":{"line":34,"column":16}},"loc":{"start":{"line":34,"column":19},"end":{"line":36,"column":3}},"line":34},"7":{"name":"getAllUsers","decl":{"start":{"line":40,"column":20},"end":{"line":40,"column":31}},"loc":{"start":{"line":40,"column":42},"end":{"line":46,"column":5}},"line":40},"8":{"name":"getUser","decl":{"start":{"line":49,"column":20},"end":{"line":49,"column":27}},"loc":{"start":{"line":49,"column":38},"end":{"line":72,"column":5}},"line":49},"9":{"name":"(anonymous_9)","decl":{"start":{"line":54,"column":31},"end":{"line":54,"column":32}},"loc":{"start":{"line":54,"column":47},"end":{"line":60,"column":7}},"line":54},"10":{"name":"loginUser","decl":{"start":{"line":75,"column":20},"end":{"line":75,"column":29}},"loc":{"start":{"line":75,"column":40},"end":{"line":116,"column":5}},"line":75},"11":{"name":"(anonymous_11)","decl":{"start":{"line":82,"column":31},"end":{"line":82,"column":32}},"loc":{"start":{"line":82,"column":47},"end":{"line":102,"column":7}},"line":82},"12":{"name":"createUser","decl":{"start":{"line":119,"column":20},"end":{"line":119,"column":30}},"loc":{"start":{"line":119,"column":41},"end":{"line":159,"column":5}},"line":119},"13":{"name":"(anonymous_13)","decl":{"start":{"line":129,"column":31},"end":{"line":129,"column":32}},"loc":{"start":{"line":129,"column":47},"end":{"line":135,"column":7}},"line":129}},"branchMap":{"0":{"loc":{"start":{"line":7,"column":168},"end":{"line":7,"column":198}},"type":"binary-expr","locations":[{"start":{"line":7,"column":168},"end":{"line":7,"column":189}},{"start":{"line":7,"column":193},"end":{"line":7,"column":198}}],"line":7},"1":{"loc":{"start":{"line":7,"column":232},"end":{"line":7,"column":286}},"type":"if","locations":[{"start":{"line":7,"column":232},"end":{"line":7,"column":286}},{"start":{"line":7,"column":232},"end":{"line":7,"column":286}}],"line":7},"2":{"loc":{"start":{"line":7,"column":407},"end":{"line":7,"column":475}},"type":"if","locations":[{"start":{"line":7,"column":407},"end":{"line":7,"column":475}},{"start":{"line":7,"column":407},"end":{"line":7,"column":475}}],"line":7},"3":{"loc":{"start":{"line":7,"column":476},"end":{"line":7,"column":536}},"type":"if","locations":[{"start":{"line":7,"column":476},"end":{"line":7,"column":536}},{"start":{"line":7,"column":476},"end":{"line":7,"column":536}}],"line":7},"4":{"loc":{"start":{"line":25,"column":46},"end":{"line":25,"column":92}},"type":"cond-expr","locations":[{"start":{"line":25,"column":70},"end":{"line":25,"column":73}},{"start":{"line":25,"column":76},"end":{"line":25,"column":92}}],"line":25},"5":{"loc":{"start":{"line":25,"column":46},"end":{"line":25,"column":67}},"type":"binary-expr","locations":[{"start":{"line":25,"column":46},"end":{"line":25,"column":49}},{"start":{"line":25,"column":53},"end":{"line":25,"column":67}}],"line":25},"6":{"loc":{"start":{"line":27,"column":50},"end":{"line":27,"column":151}},"type":"if","locations":[{"start":{"line":27,"column":50},"end":{"line":27,"column":151}},{"start":{"line":27,"column":50},"end":{"line":27,"column":151}}],"line":27},"7":{"loc":{"start":{"line":55,"column":8},"end":{"line":58,"column":9}},"type":"if","locations":[{"start":{"line":55,"column":8},"end":{"line":58,"column":9}},{"start":{"line":55,"column":8},"end":{"line":58,"column":9}}],"line":55},"8":{"loc":{"start":{"line":61,"column":6},"end":{"line":67,"column":7}},"type":"if","locations":[{"start":{"line":61,"column":6},"end":{"line":67,"column":7}},{"start":{"line":61,"column":6},"end":{"line":67,"column":7}}],"line":61},"9":{"loc":{"start":{"line":83,"column":8},"end":{"line":100,"column":9}},"type":"if","locations":[{"start":{"line":83,"column":8},"end":{"line":100,"column":9}},{"start":{"line":83,"column":8},"end":{"line":100,"column":9}}],"line":83},"10":{"loc":{"start":{"line":83,"column":12},"end":{"line":83,"column":97}},"type":"binary-expr","locations":[{"start":{"line":83,"column":12},"end":{"line":83,"column":38}},{"start":{"line":83,"column":42},"end":{"line":83,"column":97}}],"line":83},"11":{"loc":{"start":{"line":103,"column":6},"end":{"line":111,"column":7}},"type":"if","locations":[{"start":{"line":103,"column":6},"end":{"line":111,"column":7}},{"start":{"line":103,"column":6},"end":{"line":111,"column":7}}],"line":103},"12":{"loc":{"start":{"line":130,"column":8},"end":{"line":133,"column":9}},"type":"if","locations":[{"start":{"line":130,"column":8},"end":{"line":133,"column":9}},{"start":{"line":130,"column":8},"end":{"line":133,"column":9}}],"line":130},"13":{"loc":{"start":{"line":136,"column":6},"end":{"line":154,"column":7}},"type":"if","locations":[{"start":{"line":136,"column":6},"end":{"line":154,"column":7}},{"start":{"line":136,"column":6},"end":{"line":154,"column":7}}],"line":136}},"s":{"0":1,"1":1,"2":1,"3":4,"4":4,"5":4,"6":4,"7":4,"8":4,"9":1,"10":1,"11":0,"12":1,"13":1,"14":1,"15":1,"16":1,"17":1,"18":1,"19":1,"20":1,"21":1,"22":1,"23":4,"24":0,"25":0,"26":1,"27":1,"28":1,"29":0,"30":1,"31":1,"32":3,"33":3,"34":3,"35":3,"36":12,"37":1,"38":1,"39":12,"40":3,"41":1,"42":2,"43":8,"44":8,"45":8,"46":8,"47":8,"48":8,"49":37,"50":7,"51":7,"52":7,"53":7,"54":7,"55":7,"56":7,"57":7,"58":30,"59":8,"60":7,"61":7,"62":1,"63":2,"64":2,"65":2,"66":2,"67":2,"68":2,"69":2,"70":2,"71":2,"72":8,"73":1,"74":1,"75":7,"76":2,"77":1,"78":1,"79":1,"80":1,"81":1,"82":1,"83":1,"84":1},"f":{"0":1,"1":1,"2":1,"3":4,"4":0,"5":1,"6":0,"7":1,"8":3,"9":12,"10":8,"11":37,"12":2,"13":8},"b":{"0":[4,4],"1":[4,0],"2":[0,1],"3":[1,0],"4":[1,3],"5":[4,4],"6":[0,0],"7":[1,11],"8":[1,2],"9":[7,30],"10":[37,8],"11":[7,1],"12":[1,7],"13":[1,1]},"_coverageSchema":"d34fc3e6b8297bcde183f5492bcb8fcb36775295","hash":"8c4e96a9ad96936e6a7dddd857a70c1f4de0ce75","contentHash":"c1fd4c17c9e62aa077311b63d6a364f2"},"C:\\Users\\User\\Desktop\\Store_Manager_develop\\server\\dummyModel\\UsersModel.js":{"path":"C:\\Users\\User\\Desktop\\Store_Manager_develop\\server\\dummyModel\\UsersModel.js","statementMap":{"0":{"start":{"line":3,"column":0},"end":{"line":5,"column":3}},"1":{"start":{"line":6,"column":12},"end":{"line":38,"column":2}},"2":{"start":{"line":40,"column":0},"end":{"line":40,"column":24}}},"fnMap":{},"branchMap":{},"s":{"0":1,"1":1,"2":1},"f":{},"b":{},"_coverageSchema":"d34fc3e6b8297bcde183f5492bcb8fcb36775295","hash":"0d29938864c821adb2e29d0a8e9ce7ca2bea0b22","contentHash":"9721ccc61f5dd276d6350be97a87f42d"},"C:\\Users\\User\\Desktop\\Store_Manager_develop\\server\\controllers\\productController.js":{"path":"C:\\Users\\User\\Desktop\\Store_Manager_develop\\server\\controllers\\productController.js","statementMap":{"0":{"start":{"line":3,"column":0},"end":{"line":5,"column":3}},"1":{"start":{"line":7,"column":19},"end":{"line":7,"column":563}},"2":{"start":{"line":7,"column":76},"end":{"line":7,"column":347}},"3":{"start":{"line":7,"column":134},"end":{"line":7,"column":142}},"4":{"start":{"line":7,"column":144},"end":{"line":7,"column":199}},"5":{"start":{"line":7,"column":200},"end":{"line":7,"column":231}},"6":{"start":{"line":7,"column":232},"end":{"line":7,"column":286}},"7":{"start":{"line":7,"column":259},"end":{"line":7,"column":286}},"8":{"start":{"line":7,"column":287},"end":{"line":7,"column":345}},"9":{"start":{"line":7,"column":350},"end":{"line":7,"column":559}},"10":{"start":{"line":7,"column":407},"end":{"line":7,"column":475}},"11":{"start":{"line":7,"column":423},"end":{"line":7,"column":475}},"12":{"start":{"line":7,"column":476},"end":{"line":7,"column":536}},"13":{"start":{"line":7,"column":493},"end":{"line":7,"column":536}},"14":{"start":{"line":7,"column":537},"end":{"line":7,"column":556}},"15":{"start":{"line":9,"column":21},"end":{"line":9,"column":59}},"16":{"start":{"line":11,"column":22},"end":{"line":11,"column":60}},"17":{"start":{"line":13,"column":39},"end":{"line":13,"column":93}},"18":{"start":{"line":15,"column":50},"end":{"line":15,"column":151}},"19":{"start":{"line":15,"column":92},"end":{"line":15,"column":149}},"20":{"start":{"line":17,"column":15},"end":{"line":89,"column":3}},"21":{"start":{"line":19,"column":4},"end":{"line":19,"column":36}},"22":{"start":{"line":22,"column":2},"end":{"line":86,"column":6}},"23":{"start":{"line":25,"column":6},"end":{"line":29,"column":9}},"24":{"start":{"line":34,"column":22},"end":{"line":34,"column":30}},"25":{"start":{"line":35,"column":24},"end":{"line":35,"column":45}},"26":{"start":{"line":36,"column":24},"end":{"line":36,"column":45}},"27":{"start":{"line":37,"column":18},"end":{"line":37,"column":33}},"28":{"start":{"line":38,"column":21},"end":{"line":38,"column":39}},"29":{"start":{"line":39,"column":16},"end":{"line":39,"column":29}},"30":{"start":{"line":40,"column":21},"end":{"line":40,"column":39}},"31":{"start":{"line":42,"column":15},"end":{"line":42,"column":49}},"32":{"start":{"line":43,"column":26},"end":{"line":52,"column":7}},"33":{"start":{"line":53,"column":6},"end":{"line":53,"column":50}},"34":{"start":{"line":54,"column":6},"end":{"line":57,"column":9}},"35":{"start":{"line":62,"column":22},"end":{"line":62,"column":42}},"36":{"start":{"line":64,"column":18},"end":{"line":64,"column":23}},"37":{"start":{"line":65,"column":26},"end":{"line":65,"column":32}},"38":{"start":{"line":66,"column":6},"end":{"line":73,"column":9}},"39":{"start":{"line":67,"column":8},"end":{"line":71,"column":9}},"40":{"start":{"line":68,"column":10},"end":{"line":68,"column":34}},"41":{"start":{"line":69,"column":10},"end":{"line":69,"column":23}},"42":{"start":{"line":70,"column":10},"end":{"line":70,"column":22}},"43":{"start":{"line":72,"column":8},"end":{"line":72,"column":21}},"44":{"start":{"line":74,"column":6},"end":{"line":80,"column":7}},"45":{"start":{"line":75,"column":8},"end":{"line":79,"column":11}},"46":{"start":{"line":81,"column":6},"end":{"line":84,"column":9}},"47":{"start":{"line":88,"column":2},"end":{"line":88,"column":18}},"48":{"start":{"line":91,"column":0},"end":{"line":91,"column":27}}},"fnMap":{"0":{"name":"(anonymous_0)","decl":{"start":{"line":7,"column":19},"end":{"line":7,"column":20}},"loc":{"start":{"line":7,"column":31},"end":{"line":7,"column":561}},"line":7},"1":{"name":"defineProperties","decl":{"start":{"line":7,"column":42},"end":{"line":7,"column":58}},"loc":{"start":{"line":7,"column":74},"end":{"line":7,"column":349}},"line":7},"2":{"name":"(anonymous_2)","decl":{"start":{"line":7,"column":357},"end":{"line":7,"column":358}},"loc":{"start":{"line":7,"column":405},"end":{"line":7,"column":558}},"line":7},"3":{"name":"_interopRequireDefault","decl":{"start":{"line":13,"column":9},"end":{"line":13,"column":31}},"loc":{"start":{"line":13,"column":37},"end":{"line":13,"column":95}},"line":13},"4":{"name":"_classCallCheck","decl":{"start":{"line":15,"column":9},"end":{"line":15,"column":24}},"loc":{"start":{"line":15,"column":48},"end":{"line":15,"column":153}},"line":15},"5":{"name":"(anonymous_5)","decl":{"start":{"line":17,"column":15},"end":{"line":17,"column":16}},"loc":{"start":{"line":17,"column":27},"end":{"line":89,"column":1}},"line":17},"6":{"name":"products","decl":{"start":{"line":18,"column":11},"end":{"line":18,"column":19}},"loc":{"start":{"line":18,"column":22},"end":{"line":20,"column":3}},"line":18},"7":{"name":"getAllProducts","decl":{"start":{"line":24,"column":20},"end":{"line":24,"column":34}},"loc":{"start":{"line":24,"column":45},"end":{"line":30,"column":5}},"line":24},"8":{"name":"addProduct","decl":{"start":{"line":33,"column":20},"end":{"line":33,"column":30}},"loc":{"start":{"line":33,"column":41},"end":{"line":58,"column":5}},"line":33},"9":{"name":"getProduct","decl":{"start":{"line":61,"column":20},"end":{"line":61,"column":30}},"loc":{"start":{"line":61,"column":41},"end":{"line":85,"column":5}},"line":61},"10":{"name":"(anonymous_10)","decl":{"start":{"line":66,"column":34},"end":{"line":66,"column":35}},"loc":{"start":{"line":66,"column":53},"end":{"line":73,"column":7}},"line":66}},"branchMap":{"0":{"loc":{"start":{"line":7,"column":168},"end":{"line":7,"column":198}},"type":"binary-expr","locations":[{"start":{"line":7,"column":168},"end":{"line":7,"column":189}},{"start":{"line":7,"column":193},"end":{"line":7,"column":198}}],"line":7},"1":{"loc":{"start":{"line":7,"column":232},"end":{"line":7,"column":286}},"type":"if","locations":[{"start":{"line":7,"column":232},"end":{"line":7,"column":286}},{"start":{"line":7,"column":232},"end":{"line":7,"column":286}}],"line":7},"2":{"loc":{"start":{"line":7,"column":407},"end":{"line":7,"column":475}},"type":"if","locations":[{"start":{"line":7,"column":407},"end":{"line":7,"column":475}},{"start":{"line":7,"column":407},"end":{"line":7,"column":475}}],"line":7},"3":{"loc":{"start":{"line":7,"column":476},"end":{"line":7,"column":536}},"type":"if","locations":[{"start":{"line":7,"column":476},"end":{"line":7,"column":536}},{"start":{"line":7,"column":476},"end":{"line":7,"column":536}}],"line":7},"4":{"loc":{"start":{"line":13,"column":46},"end":{"line":13,"column":92}},"type":"cond-expr","locations":[{"start":{"line":13,"column":70},"end":{"line":13,"column":73}},{"start":{"line":13,"column":76},"end":{"line":13,"column":92}}],"line":13},"5":{"loc":{"start":{"line":13,"column":46},"end":{"line":13,"column":67}},"type":"binary-expr","locations":[{"start":{"line":13,"column":46},"end":{"line":13,"column":49}},{"start":{"line":13,"column":53},"end":{"line":13,"column":67}}],"line":13},"6":{"loc":{"start":{"line":15,"column":50},"end":{"line":15,"column":151}},"type":"if","locations":[{"start":{"line":15,"column":50},"end":{"line":15,"column":151}},{"start":{"line":15,"column":50},"end":{"line":15,"column":151}}],"line":15},"7":{"loc":{"start":{"line":67,"column":8},"end":{"line":71,"column":9}},"type":"if","locations":[{"start":{"line":67,"column":8},"end":{"line":71,"column":9}},{"start":{"line":67,"column":8},"end":{"line":71,"column":9}}],"line":67},"8":{"loc":{"start":{"line":74,"column":6},"end":{"line":80,"column":7}},"type":"if","locations":[{"start":{"line":74,"column":6},"end":{"line":80,"column":7}},{"start":{"line":74,"column":6},"end":{"line":80,"column":7}}],"line":74}},"s":{"0":1,"1":1,"2":1,"3":3,"4":3,"5":3,"6":3,"7":3,"8":3,"9":1,"10":1,"11":0,"12":1,"13":1,"14":1,"15":1,"16":1,"17":1,"18":0,"19":0,"20":1,"21":0,"22":1,"23":1,"24":1,"25":1,"26":1,"27":1,"28":1,"29":1,"30":1,"31":1,"32":1,"33":1,"34":1,"35":3,"36":3,"37":3,"38":3,"39":9,"40":1,"41":1,"42":1,"43":8,"44":3,"45":1,"46":2,"47":1,"48":1},"f":{"0":1,"1":1,"2":1,"3":1,"4":0,"5":1,"6":0,"7":1,"8":1,"9":3,"10":9},"b":{"0":[3,3],"1":[3,0],"2":[0,1],"3":[1,0],"4":[1,0],"5":[1,1],"6":[0,0],"7":[1,8],"8":[1,2]},"_coverageSchema":"d34fc3e6b8297bcde183f5492bcb8fcb36775295","hash":"460f20f2175a06077f61cdbeea544daceb73ffa0","contentHash":"2db5dd9855b6f0807a5c26b164511b08"},"C:\\Users\\User\\Desktop\\Store_Manager_develop\\server\\dummyModel\\ProductsModel.js":{"path":"C:\\Users\\User\\Desktop\\Store_Manager_develop\\server\\dummyModel\\ProductsModel.js","statementMap":{"0":{"start":{"line":3,"column":0},"end":{"line":5,"column":3}},"1":{"start":{"line":6,"column":15},"end":{"line":33,"column":2}},"2":{"start":{"line":35,"column":0},"end":{"line":35,"column":27}}},"fnMap":{},"branchMap":{},"s":{"0":1,"1":1,"2":1},"f":{},"b":{},"_coverageSchema":"d34fc3e6b8297bcde183f5492bcb8fcb36775295","hash":"414d6ed197cdff4c6e57ba418768e922a53c0953","contentHash":"eb23878c4f1c3425ed2125f7fb995c9e"},"C:\\Users\\User\\Desktop\\Store_Manager_develop\\server\\controllers\\salesController.js":{"path":"C:\\Users\\User\\Desktop\\Store_Manager_develop\\server\\controllers\\salesController.js","statementMap":{"0":{"start":{"line":3,"column":0},"end":{"line":5,"column":3}},"1":{"start":{"line":7,"column":19},"end":{"line":7,"column":563}},"2":{"start":{"line":7,"column":76},"end":{"line":7,"column":347}},"3":{"start":{"line":7,"column":134},"end":{"line":7,"column":142}},"4":{"start":{"line":7,"column":144},"end":{"line":7,"column":199}},"5":{"start":{"line":7,"column":200},"end":{"line":7,"column":231}},"6":{"start":{"line":7,"column":232},"end":{"line":7,"column":286}},"7":{"start":{"line":7,"column":259},"end":{"line":7,"column":286}},"8":{"start":{"line":7,"column":287},"end":{"line":7,"column":345}},"9":{"start":{"line":7,"column":350},"end":{"line":7,"column":559}},"10":{"start":{"line":7,"column":407},"end":{"line":7,"column":475}},"11":{"start":{"line":7,"column":423},"end":{"line":7,"column":475}},"12":{"start":{"line":7,"column":476},"end":{"line":7,"column":536}},"13":{"start":{"line":7,"column":493},"end":{"line":7,"column":536}},"14":{"start":{"line":7,"column":537},"end":{"line":7,"column":556}},"15":{"start":{"line":9,"column":18},"end":{"line":9,"column":53}},"16":{"start":{"line":11,"column":19},"end":{"line":11,"column":54}},"17":{"start":{"line":13,"column":39},"end":{"line":13,"column":93}},"18":{"start":{"line":15,"column":50},"end":{"line":15,"column":151}},"19":{"start":{"line":15,"column":92},"end":{"line":15,"column":149}},"20":{"start":{"line":17,"column":12},"end":{"line":119,"column":3}},"21":{"start":{"line":19,"column":4},"end":{"line":19,"column":33}},"22":{"start":{"line":22,"column":2},"end":{"line":116,"column":6}},"23":{"start":{"line":25,"column":21},"end":{"line":25,"column":36}},"24":{"start":{"line":27,"column":22},"end":{"line":27,"column":30}},"25":{"start":{"line":28,"column":22},"end":{"line":28,"column":41}},"26":{"start":{"line":29,"column":24},"end":{"line":29,"column":45}},"27":{"start":{"line":30,"column":18},"end":{"line":30,"column":33}},"28":{"start":{"line":31,"column":21},"end":{"line":31,"column":39}},"29":{"start":{"line":33,"column":23},"end":{"line":33,"column":55}},"30":{"start":{"line":34,"column":15},"end":{"line":34,"column":46}},"31":{"start":{"line":35,"column":23},"end":{"line":44,"column":7}},"32":{"start":{"line":45,"column":6},"end":{"line":45,"column":44}},"33":{"start":{"line":46,"column":6},"end":{"line":49,"column":9}},"34":{"start":{"line":54,"column":6},"end":{"line":58,"column":9}},"35":{"start":{"line":63,"column":26},"end":{"line":63,"column":38}},"36":{"start":{"line":64,"column":15},"end":{"line":64,"column":31}},"37":{"start":{"line":65,"column":17},"end":{"line":65,"column":35}},"38":{"start":{"line":66,"column":20},"end":{"line":66,"column":38}},"39":{"start":{"line":68,"column":22},"end":{"line":68,"column":27}},"40":{"start":{"line":69,"column":23},"end":{"line":69,"column":29}},"41":{"start":{"line":70,"column":6},"end":{"line":77,"column":9}},"42":{"start":{"line":71,"column":8},"end":{"line":75,"column":9}},"43":{"start":{"line":72,"column":10},"end":{"line":72,"column":28}},"44":{"start":{"line":73,"column":10},"end":{"line":73,"column":27}},"45":{"start":{"line":74,"column":10},"end":{"line":74,"column":22}},"46":{"start":{"line":76,"column":8},"end":{"line":76,"column":21}},"47":{"start":{"line":79,"column":6},"end":{"line":85,"column":7}},"48":{"start":{"line":80,"column":8},"end":{"line":84,"column":11}},"49":{"start":{"line":86,"column":6},"end":{"line":89,"column":9}},"50":{"start":{"line":94,"column":15},"end":{"line":94,"column":30}},"51":{"start":{"line":96,"column":23},"end":{"line":96,"column":25}},"52":{"start":{"line":97,"column":6},"end":{"line":102,"column":9}},"53":{"start":{"line":98,"column":8},"end":{"line":100,"column":9}},"54":{"start":{"line":99,"column":10},"end":{"line":99,"column":32}},"55":{"start":{"line":101,"column":8},"end":{"line":101,"column":21}},"56":{"start":{"line":104,"column":6},"end":{"line":110,"column":7}},"57":{"start":{"line":105,"column":8},"end":{"line":109,"column":11}},"58":{"start":{"line":111,"column":6},"end":{"line":114,"column":9}},"59":{"start":{"line":118,"column":2},"end":{"line":118,"column":15}},"60":{"start":{"line":121,"column":0},"end":{"line":121,"column":24}}},"fnMap":{"0":{"name":"(anonymous_0)","decl":{"start":{"line":7,"column":19},"end":{"line":7,"column":20}},"loc":{"start":{"line":7,"column":31},"end":{"line":7,"column":561}},"line":7},"1":{"name":"defineProperties","decl":{"start":{"line":7,"column":42},"end":{"line":7,"column":58}},"loc":{"start":{"line":7,"column":74},"end":{"line":7,"column":349}},"line":7},"2":{"name":"(anonymous_2)","decl":{"start":{"line":7,"column":357},"end":{"line":7,"column":358}},"loc":{"start":{"line":7,"column":405},"end":{"line":7,"column":558}},"line":7},"3":{"name":"_interopRequireDefault","decl":{"start":{"line":13,"column":9},"end":{"line":13,"column":31}},"loc":{"start":{"line":13,"column":37},"end":{"line":13,"column":95}},"line":13},"4":{"name":"_classCallCheck","decl":{"start":{"line":15,"column":9},"end":{"line":15,"column":24}},"loc":{"start":{"line":15,"column":48},"end":{"line":15,"column":153}},"line":15},"5":{"name":"(anonymous_5)","decl":{"start":{"line":17,"column":12},"end":{"line":17,"column":13}},"loc":{"start":{"line":17,"column":24},"end":{"line":119,"column":1}},"line":17},"6":{"name":"sales","decl":{"start":{"line":18,"column":11},"end":{"line":18,"column":16}},"loc":{"start":{"line":18,"column":19},"end":{"line":20,"column":3}},"line":18},"7":{"name":"addSaleRecord","decl":{"start":{"line":24,"column":20},"end":{"line":24,"column":33}},"loc":{"start":{"line":24,"column":44},"end":{"line":50,"column":5}},"line":24},"8":{"name":"getAllSalesRecords","decl":{"start":{"line":53,"column":20},"end":{"line":53,"column":38}},"loc":{"start":{"line":53,"column":49},"end":{"line":59,"column":5}},"line":53},"9":{"name":"getSaleRecord","decl":{"start":{"line":62,"column":20},"end":{"line":62,"column":33}},"loc":{"start":{"line":62,"column":44},"end":{"line":90,"column":5}},"line":62},"10":{"name":"(anonymous_10)","decl":{"start":{"line":70,"column":31},"end":{"line":70,"column":32}},"loc":{"start":{"line":70,"column":47},"end":{"line":77,"column":7}},"line":70},"11":{"name":"getAttendantSaleRecord","decl":{"start":{"line":93,"column":20},"end":{"line":93,"column":42}},"loc":{"start":{"line":93,"column":53},"end":{"line":115,"column":5}},"line":93},"12":{"name":"(anonymous_12)","decl":{"start":{"line":97,"column":31},"end":{"line":97,"column":32}},"loc":{"start":{"line":97,"column":47},"end":{"line":102,"column":7}},"line":97}},"branchMap":{"0":{"loc":{"start":{"line":7,"column":168},"end":{"line":7,"column":198}},"type":"binary-expr","locations":[{"start":{"line":7,"column":168},"end":{"line":7,"column":189}},{"start":{"line":7,"column":193},"end":{"line":7,"column":198}}],"line":7},"1":{"loc":{"start":{"line":7,"column":232},"end":{"line":7,"column":286}},"type":"if","locations":[{"start":{"line":7,"column":232},"end":{"line":7,"column":286}},{"start":{"line":7,"column":232},"end":{"line":7,"column":286}}],"line":7},"2":{"loc":{"start":{"line":7,"column":407},"end":{"line":7,"column":475}},"type":"if","locations":[{"start":{"line":7,"column":407},"end":{"line":7,"column":475}},{"start":{"line":7,"column":407},"end":{"line":7,"column":475}}],"line":7},"3":{"loc":{"start":{"line":7,"column":476},"end":{"line":7,"column":536}},"type":"if","locations":[{"start":{"line":7,"column":476},"end":{"line":7,"column":536}},{"start":{"line":7,"column":476},"end":{"line":7,"column":536}}],"line":7},"4":{"loc":{"start":{"line":13,"column":46},"end":{"line":13,"column":92}},"type":"cond-expr","locations":[{"start":{"line":13,"column":70},"end":{"line":13,"column":73}},{"start":{"line":13,"column":76},"end":{"line":13,"column":92}}],"line":13},"5":{"loc":{"start":{"line":13,"column":46},"end":{"line":13,"column":67}},"type":"binary-expr","locations":[{"start":{"line":13,"column":46},"end":{"line":13,"column":49}},{"start":{"line":13,"column":53},"end":{"line":13,"column":67}}],"line":13},"6":{"loc":{"start":{"line":15,"column":50},"end":{"line":15,"column":151}},"type":"if","locations":[{"start":{"line":15,"column":50},"end":{"line":15,"column":151}},{"start":{"line":15,"column":50},"end":{"line":15,"column":151}}],"line":15},"7":{"loc":{"start":{"line":71,"column":8},"end":{"line":75,"column":9}},"type":"if","locations":[{"start":{"line":71,"column":8},"end":{"line":75,"column":9}},{"start":{"line":71,"column":8},"end":{"line":75,"column":9}}],"line":71},"8":{"loc":{"start":{"line":71,"column":12},"end":{"line":71,"column":93}},"type":"binary-expr","locations":[{"start":{"line":71,"column":12},"end":{"line":71,"column":39}},{"start":{"line":71,"column":44},"end":{"line":71,"column":72}},{"start":{"line":71,"column":76},"end":{"line":71,"column":92}}],"line":71},"9":{"loc":{"start":{"line":79,"column":6},"end":{"line":85,"column":7}},"type":"if","locations":[{"start":{"line":79,"column":6},"end":{"line":85,"column":7}},{"start":{"line":79,"column":6},"end":{"line":85,"column":7}}],"line":79},"10":{"loc":{"start":{"line":98,"column":8},"end":{"line":100,"column":9}},"type":"if","locations":[{"start":{"line":98,"column":8},"end":{"line":100,"column":9}},{"start":{"line":98,"column":8},"end":{"line":100,"column":9}}],"line":98},"11":{"loc":{"start":{"line":104,"column":6},"end":{"line":110,"column":7}},"type":"if","locations":[{"start":{"line":104,"column":6},"end":{"line":110,"column":7}},{"start":{"line":104,"column":6},"end":{"line":110,"column":7}}],"line":104}},"s":{"0":1,"1":1,"2":1,"3":4,"4":4,"5":4,"6":4,"7":4,"8":4,"9":1,"10":1,"11":0,"12":1,"13":1,"14":1,"15":1,"16":1,"17":1,"18":0,"19":0,"20":1,"21":0,"22":1,"23":1,"24":1,"25":1,"26":1,"27":1,"28":1,"29":1,"30":1,"31":1,"32":1,"33":1,"34":1,"35":2,"36":2,"37":2,"38":2,"39":2,"40":2,"41":2,"42":6,"43":1,"44":1,"45":1,"46":5,"47":2,"48":1,"49":1,"50":2,"51":2,"52":2,"53":6,"54":2,"55":6,"56":2,"57":1,"58":1,"59":1,"60":1},"f":{"0":1,"1":1,"2":1,"3":1,"4":0,"5":1,"6":0,"7":1,"8":1,"9":2,"10":6,"11":2,"12":6},"b":{"0":[4,4],"1":[4,0],"2":[0,1],"3":[1,0],"4":[1,0],"5":[1,1],"6":[0,0],"7":[1,5],"8":[6,2,1],"9":[1,1],"10":[2,4],"11":[1,1]},"_coverageSchema":"d34fc3e6b8297bcde183f5492bcb8fcb36775295","hash":"36454bcae3a6204330b74a9e86e8df588a71fdb9","contentHash":"dfd7775dc1d1cd50a25b07b30b38fdbf"},"C:\\Users\\User\\Desktop\\Store_Manager_develop\\server\\dummyModel\\SalesModel.js":{"path":"C:\\Users\\User\\Desktop\\Store_Manager_develop\\server\\dummyModel\\SalesModel.js","statementMap":{"0":{"start":{"line":3,"column":0},"end":{"line":5,"column":3}},"1":{"start":{"line":6,"column":12},"end":{"line":33,"column":2}},"2":{"start":{"line":35,"column":0},"end":{"line":35,"column":24}}},"fnMap":{},"branchMap":{},"s":{"0":1,"1":1,"2":1},"f":{},"b":{},"_coverageSchema":"d34fc3e6b8297bcde183f5492bcb8fcb36775295","hash":"c7386f76ba9daa526d0570cf8f14607f7a1bcf42","contentHash":"af2262f4190be9947a61143df7ac3fe4"},"C:\\Users\\User\\Desktop\\Store_Manager_develop\\server\\middlewares\\paramsChecker.js":{"path":"C:\\Users\\User\\Desktop\\Store_Manager_develop\\server\\middlewares\\paramsChecker.js","statementMap":{"0":{"start":{"line":3,"column":0},"end":{"line":5,"column":3}},"1":{"start":{"line":7,"column":19},"end":{"line":7,"column":563}},"2":{"start":{"line":7,"column":76},"end":{"line":7,"column":347}},"3":{"start":{"line":7,"column":134},"end":{"line":7,"column":142}},"4":{"start":{"line":7,"column":144},"end":{"line":7,"column":199}},"5":{"start":{"line":7,"column":200},"end":{"line":7,"column":231}},"6":{"start":{"line":7,"column":232},"end":{"line":7,"column":286}},"7":{"start":{"line":7,"column":259},"end":{"line":7,"column":286}},"8":{"start":{"line":7,"column":287},"end":{"line":7,"column":345}},"9":{"start":{"line":7,"column":350},"end":{"line":7,"column":559}},"10":{"start":{"line":7,"column":407},"end":{"line":7,"column":475}},"11":{"start":{"line":7,"column":423},"end":{"line":7,"column":475}},"12":{"start":{"line":7,"column":476},"end":{"line":7,"column":536}},"13":{"start":{"line":7,"column":493},"end":{"line":7,"column":536}},"14":{"start":{"line":7,"column":537},"end":{"line":7,"column":556}},"15":{"start":{"line":9,"column":50},"end":{"line":9,"column":151}},"16":{"start":{"line":9,"column":92},"end":{"line":9,"column":149}},"17":{"start":{"line":11,"column":20},"end":{"line":43,"column":3}},"18":{"start":{"line":13,"column":4},"end":{"line":13,"column":41}},"19":{"start":{"line":16,"column":2},"end":{"line":40,"column":6}},"20":{"start":{"line":19,"column":24},"end":{"line":19,"column":34}},"21":{"start":{"line":20,"column":19},"end":{"line":20,"column":37}},"22":{"start":{"line":21,"column":22},"end":{"line":21,"column":43}},"23":{"start":{"line":22,"column":20},"end":{"line":22,"column":39}},"24":{"start":{"line":24,"column":20},"end":{"line":24,"column":30}},"25":{"start":{"line":26,"column":23},"end":{"line":34,"column":7}},"26":{"start":{"line":27,"column":8},"end":{"line":32,"column":9}},"27":{"start":{"line":28,"column":10},"end":{"line":31,"column":13}},"28":{"start":{"line":33,"column":8},"end":{"line":33,"column":20}},"29":{"start":{"line":35,"column":6},"end":{"line":35,"column":37}},"30":{"start":{"line":35,"column":18},"end":{"line":35,"column":37}},"31":{"start":{"line":36,"column":6},"end":{"line":36,"column":43}},"32":{"start":{"line":36,"column":21},"end":{"line":36,"column":43}},"33":{"start":{"line":37,"column":6},"end":{"line":37,"column":39}},"34":{"start":{"line":37,"column":19},"end":{"line":37,"column":39}},"35":{"start":{"line":38,"column":6},"end":{"line":38,"column":20}},"36":{"start":{"line":42,"column":2},"end":{"line":42,"column":23}},"37":{"start":{"line":45,"column":0},"end":{"line":45,"column":32}}},"fnMap":{"0":{"name":"(anonymous_0)","decl":{"start":{"line":7,"column":19},"end":{"line":7,"column":20}},"loc":{"start":{"line":7,"column":31},"end":{"line":7,"column":561}},"line":7},"1":{"name":"defineProperties","decl":{"start":{"line":7,"column":42},"end":{"line":7,"column":58}},"loc":{"start":{"line":7,"column":74},"end":{"line":7,"column":349}},"line":7},"2":{"name":"(anonymous_2)","decl":{"start":{"line":7,"column":357},"end":{"line":7,"column":358}},"loc":{"start":{"line":7,"column":405},"end":{"line":7,"column":558}},"line":7},"3":{"name":"_classCallCheck","decl":{"start":{"line":9,"column":9},"end":{"line":9,"column":24}},"loc":{"start":{"line":9,"column":48},"end":{"line":9,"column":153}},"line":9},"4":{"name":"(anonymous_4)","decl":{"start":{"line":11,"column":20},"end":{"line":11,"column":21}},"loc":{"start":{"line":11,"column":32},"end":{"line":43,"column":1}},"line":11},"5":{"name":"paramsChecker","decl":{"start":{"line":12,"column":11},"end":{"line":12,"column":24}},"loc":{"start":{"line":12,"column":27},"end":{"line":14,"column":3}},"line":12},"6":{"name":"idChecker","decl":{"start":{"line":18,"column":20},"end":{"line":18,"column":29}},"loc":{"start":{"line":18,"column":46},"end":{"line":39,"column":5}},"line":18},"7":{"name":"checkParam","decl":{"start":{"line":26,"column":32},"end":{"line":26,"column":42}},"loc":{"start":{"line":26,"column":50},"end":{"line":34,"column":7}},"line":26}},"branchMap":{"0":{"loc":{"start":{"line":7,"column":168},"end":{"line":7,"column":198}},"type":"binary-expr","locations":[{"start":{"line":7,"column":168},"end":{"line":7,"column":189}},{"start":{"line":7,"column":193},"end":{"line":7,"column":198}}],"line":7},"1":{"loc":{"start":{"line":7,"column":232},"end":{"line":7,"column":286}},"type":"if","locations":[{"start":{"line":7,"column":232},"end":{"line":7,"column":286}},{"start":{"line":7,"column":232},"end":{"line":7,"column":286}}],"line":7},"2":{"loc":{"start":{"line":7,"column":407},"end":{"line":7,"column":475}},"type":"if","locations":[{"start":{"line":7,"column":407},"end":{"line":7,"column":475}},{"start":{"line":7,"column":407},"end":{"line":7,"column":475}}],"line":7},"3":{"loc":{"start":{"line":7,"column":476},"end":{"line":7,"column":536}},"type":"if","locations":[{"start":{"line":7,"column":476},"end":{"line":7,"column":536}},{"start":{"line":7,"column":476},"end":{"line":7,"column":536}}],"line":7},"4":{"loc":{"start":{"line":9,"column":50},"end":{"line":9,"column":151}},"type":"if","locations":[{"start":{"line":9,"column":50},"end":{"line":9,"column":151}},{"start":{"line":9,"column":50},"end":{"line":9,"column":151}}],"line":9},"5":{"loc":{"start":{"line":27,"column":8},"end":{"line":32,"column":9}},"type":"if","locations":[{"start":{"line":27,"column":8},"end":{"line":32,"column":9}},{"start":{"line":27,"column":8},"end":{"line":32,"column":9}}],"line":27},"6":{"loc":{"start":{"line":35,"column":6},"end":{"line":35,"column":37}},"type":"if","locations":[{"start":{"line":35,"column":6},"end":{"line":35,"column":37}},{"start":{"line":35,"column":6},"end":{"line":35,"column":37}}],"line":35},"7":{"loc":{"start":{"line":36,"column":6},"end":{"line":36,"column":43}},"type":"if","locations":[{"start":{"line":36,"column":6},"end":{"line":36,"column":43}},{"start":{"line":36,"column":6},"end":{"line":36,"column":43}}],"line":36},"8":{"loc":{"start":{"line":37,"column":6},"end":{"line":37,"column":39}},"type":"if","locations":[{"start":{"line":37,"column":6},"end":{"line":37,"column":39}},{"start":{"line":37,"column":6},"end":{"line":37,"column":39}}],"line":37}},"s":{"0":1,"1":1,"2":1,"3":1,"4":1,"5":1,"6":1,"7":1,"8":1,"9":1,"10":1,"11":0,"12":1,"13":1,"14":1,"15":0,"16":0,"17":1,"18":0,"19":1,"20":8,"21":8,"22":8,"23":8,"24":8,"25":8,"26":8,"27":1,"28":7,"29":8,"30":3,"31":8,"32":3,"33":8,"34":2,"35":8,"36":1,"37":1},"f":{"0":1,"1":1,"2":1,"3":0,"4":1,"5":0,"6":8,"7":8},"b":{"0":[1,1],"1":[1,0],"2":[0,1],"3":[1,0],"4":[0,0],"5":[1,7],"6":[3,5],"7":[3,5],"8":[2,6]},"_coverageSchema":"d34fc3e6b8297bcde183f5492bcb8fcb36775295","hash":"76a4ff9e416f9f5b2263871dce15e8dc1f3f51e7","contentHash":"f36b36ef1d5cfb328c8695fea7d09b8a"},"C:\\Users\\User\\Desktop\\Store_Manager_develop\\server\\middlewares\\userValidator.js":{"path":"C:\\Users\\User\\Desktop\\Store_Manager_develop\\server\\middlewares\\userValidator.js","statementMap":{"0":{"start":{"line":3,"column":0},"end":{"line":5,"column":3}},"1":{"start":{"line":6,"column":20},"end":{"line":45,"column":1}},"2":{"start":{"line":8,"column":4},"end":{"line":8,"column":53}},"3":{"start":{"line":9,"column":4},"end":{"line":9,"column":61}},"4":{"start":{"line":10,"column":4},"end":{"line":10,"column":55}},"5":{"start":{"line":11,"column":4},"end":{"line":11,"column":55}},"6":{"start":{"line":12,"column":4},"end":{"line":12,"column":61}},"7":{"start":{"line":13,"column":4},"end":{"line":13,"column":53}},"8":{"start":{"line":14,"column":4},"end":{"line":14,"column":90}},"9":{"start":{"line":15,"column":17},"end":{"line":15,"column":39}},"10":{"start":{"line":16,"column":27},"end":{"line":16,"column":29}},"11":{"start":{"line":17,"column":4},"end":{"line":24,"column":5}},"12":{"start":{"line":18,"column":6},"end":{"line":20,"column":9}},"13":{"start":{"line":19,"column":8},"end":{"line":19,"column":46}},"14":{"start":{"line":21,"column":6},"end":{"line":23,"column":9}},"15":{"start":{"line":25,"column":4},"end":{"line":25,"column":18}},"16":{"start":{"line":29,"column":4},"end":{"line":29,"column":61}},"17":{"start":{"line":30,"column":4},"end":{"line":30,"column":61}},"18":{"start":{"line":31,"column":4},"end":{"line":31,"column":90}},"19":{"start":{"line":33,"column":17},"end":{"line":33,"column":39}},"20":{"start":{"line":34,"column":27},"end":{"line":34,"column":29}},"21":{"start":{"line":35,"column":4},"end":{"line":42,"column":5}},"22":{"start":{"line":36,"column":6},"end":{"line":38,"column":9}},"23":{"start":{"line":37,"column":8},"end":{"line":37,"column":46}},"24":{"start":{"line":39,"column":6},"end":{"line":41,"column":9}},"25":{"start":{"line":43,"column":4},"end":{"line":43,"column":18}},"26":{"start":{"line":47,"column":0},"end":{"line":47,"column":32}}},"fnMap":{"0":{"name":"createUserChecker","decl":{"start":{"line":7,"column":30},"end":{"line":7,"column":47}},"loc":{"start":{"line":7,"column":64},"end":{"line":26,"column":3}},"line":7},"1":{"name":"(anonymous_1)","decl":{"start":{"line":18,"column":17},"end":{"line":18,"column":18}},"loc":{"start":{"line":18,"column":32},"end":{"line":20,"column":7}},"line":18},"2":{"name":"userLoginChecker","decl":{"start":{"line":28,"column":29},"end":{"line":28,"column":45}},"loc":{"start":{"line":28,"column":62},"end":{"line":44,"column":3}},"line":28},"3":{"name":"(anonymous_3)","decl":{"start":{"line":36,"column":17},"end":{"line":36,"column":18}},"loc":{"start":{"line":36,"column":32},"end":{"line":38,"column":7}},"line":36}},"branchMap":{"0":{"loc":{"start":{"line":17,"column":4},"end":{"line":24,"column":5}},"type":"if","locations":[{"start":{"line":17,"column":4},"end":{"line":24,"column":5}},{"start":{"line":17,"column":4},"end":{"line":24,"column":5}}],"line":17},"1":{"loc":{"start":{"line":35,"column":4},"end":{"line":42,"column":5}},"type":"if","locations":[{"start":{"line":35,"column":4},"end":{"line":42,"column":5}},{"start":{"line":35,"column":4},"end":{"line":42,"column":5}}],"line":35}},"s":{"0":1,"1":1,"2":3,"3":3,"4":3,"5":3,"6":3,"7":3,"8":3,"9":3,"10":3,"11":3,"12":1,"13":3,"14":1,"15":2,"16":9,"17":9,"18":9,"19":9,"20":9,"21":9,"22":1,"23":2,"24":1,"25":8,"26":1},"f":{"0":3,"1":3,"2":9,"3":2},"b":{"0":[1,2],"1":[1,8]},"_coverageSchema":"d34fc3e6b8297bcde183f5492bcb8fcb36775295","hash":"049bf7b82be2cc186efc5a50ce65cf402f480120","contentHash":"dbdb5a2a03cf761e04064057254cbe73"},"C:\\Users\\User\\Desktop\\Store_Manager_develop\\server\\middlewares\\productValidator.js":{"path":"C:\\Users\\User\\Desktop\\Store_Manager_develop\\server\\middlewares\\productValidator.js","statementMap":{"0":{"start":{"line":3,"column":0},"end":{"line":5,"column":3}},"1":{"start":{"line":6,"column":23},"end":{"line":28,"column":1}},"2":{"start":{"line":8,"column":4},"end":{"line":8,"column":68}},"3":{"start":{"line":9,"column":4},"end":{"line":9,"column":67}},"4":{"start":{"line":10,"column":4},"end":{"line":10,"column":94}},"5":{"start":{"line":11,"column":4},"end":{"line":11,"column":60}},"6":{"start":{"line":12,"column":4},"end":{"line":12,"column":61}},"7":{"start":{"line":13,"column":4},"end":{"line":13,"column":65}},"8":{"start":{"line":14,"column":4},"end":{"line":14,"column":61}},"9":{"start":{"line":16,"column":17},"end":{"line":16,"column":39}},"10":{"start":{"line":17,"column":27},"end":{"line":17,"column":29}},"11":{"start":{"line":18,"column":4},"end":{"line":25,"column":5}},"12":{"start":{"line":19,"column":6},"end":{"line":21,"column":9}},"13":{"start":{"line":20,"column":8},"end":{"line":20,"column":46}},"14":{"start":{"line":22,"column":6},"end":{"line":24,"column":9}},"15":{"start":{"line":26,"column":4},"end":{"line":26,"column":18}},"16":{"start":{"line":30,"column":0},"end":{"line":30,"column":35}}},"fnMap":{"0":{"name":"addProductValidator","decl":{"start":{"line":7,"column":32},"end":{"line":7,"column":51}},"loc":{"start":{"line":7,"column":68},"end":{"line":27,"column":3}},"line":7},"1":{"name":"(anonymous_1)","decl":{"start":{"line":19,"column":17},"end":{"line":19,"column":18}},"loc":{"start":{"line":19,"column":32},"end":{"line":21,"column":7}},"line":19}},"branchMap":{"0":{"loc":{"start":{"line":18,"column":4},"end":{"line":25,"column":5}},"type":"if","locations":[{"start":{"line":18,"column":4},"end":{"line":25,"column":5}},{"start":{"line":18,"column":4},"end":{"line":25,"column":5}}],"line":18}},"s":{"0":1,"1":1,"2":2,"3":2,"4":2,"5":2,"6":2,"7":2,"8":2,"9":2,"10":2,"11":2,"12":1,"13":3,"14":1,"15":1,"16":1},"f":{"0":2,"1":3},"b":{"0":[1,1]},"_coverageSchema":"d34fc3e6b8297bcde183f5492bcb8fcb36775295","hash":"b091ed2b0917d140bf067e2709d8df6ad82451c9","contentHash":"6192cf49fc5340acc279f7fcb5b1b27e"},"C:\\Users\\User\\Desktop\\Store_Manager_develop\\server\\middlewares\\verifyToken.js":{"path":"C:\\Users\\User\\Desktop\\Store_Manager_develop\\server\\middlewares\\verifyToken.js","statementMap":{"0":{"start":{"line":3,"column":0},"end":{"line":5,"column":3}},"1":{"start":{"line":7,"column":19},"end":{"line":7,"column":563}},"2":{"start":{"line":7,"column":76},"end":{"line":7,"column":347}},"3":{"start":{"line":7,"column":134},"end":{"line":7,"column":142}},"4":{"start":{"line":7,"column":144},"end":{"line":7,"column":199}},"5":{"start":{"line":7,"column":200},"end":{"line":7,"column":231}},"6":{"start":{"line":7,"column":232},"end":{"line":7,"column":286}},"7":{"start":{"line":7,"column":259},"end":{"line":7,"column":286}},"8":{"start":{"line":7,"column":287},"end":{"line":7,"column":345}},"9":{"start":{"line":7,"column":350},"end":{"line":7,"column":559}},"10":{"start":{"line":7,"column":407},"end":{"line":7,"column":475}},"11":{"start":{"line":7,"column":423},"end":{"line":7,"column":475}},"12":{"start":{"line":7,"column":476},"end":{"line":7,"column":536}},"13":{"start":{"line":7,"column":493},"end":{"line":7,"column":536}},"14":{"start":{"line":7,"column":537},"end":{"line":7,"column":556}},"15":{"start":{"line":9,"column":20},"end":{"line":9,"column":43}},"16":{"start":{"line":11,"column":21},"end":{"line":11,"column":58}},"17":{"start":{"line":13,"column":14},"end":{"line":13,"column":31}},"18":{"start":{"line":15,"column":15},"end":{"line":15,"column":46}},"19":{"start":{"line":17,"column":39},"end":{"line":17,"column":93}},"20":{"start":{"line":19,"column":50},"end":{"line":19,"column":151}},"21":{"start":{"line":19,"column":92},"end":{"line":19,"column":149}},"22":{"start":{"line":21,"column":0},"end":{"line":21,"column":26}},"23":{"start":{"line":23,"column":13},"end":{"line":23,"column":36}},"24":{"start":{"line":25,"column":18},"end":{"line":63,"column":3}},"25":{"start":{"line":27,"column":4},"end":{"line":27,"column":39}},"26":{"start":{"line":30,"column":2},"end":{"line":60,"column":6}},"27":{"start":{"line":34,"column":25},"end":{"line":34,"column":50}},"28":{"start":{"line":36,"column":6},"end":{"line":42,"column":7}},"29":{"start":{"line":38,"column":8},"end":{"line":41,"column":11}},"30":{"start":{"line":45,"column":6},"end":{"line":57,"column":9}},"31":{"start":{"line":46,"column":8},"end":{"line":53,"column":9}},"32":{"start":{"line":49,"column":10},"end":{"line":52,"column":13}},"33":{"start":{"line":54,"column":8},"end":{"line":54,"column":32}},"34":{"start":{"line":55,"column":8},"end":{"line":55,"column":20}},"35":{"start":{"line":58,"column":6},"end":{"line":58,"column":20}},"36":{"start":{"line":62,"column":2},"end":{"line":62,"column":21}},"37":{"start":{"line":65,"column":0},"end":{"line":65,"column":30}}},"fnMap":{"0":{"name":"(anonymous_0)","decl":{"start":{"line":7,"column":19},"end":{"line":7,"column":20}},"loc":{"start":{"line":7,"column":31},"end":{"line":7,"column":561}},"line":7},"1":{"name":"defineProperties","decl":{"start":{"line":7,"column":42},"end":{"line":7,"column":58}},"loc":{"start":{"line":7,"column":74},"end":{"line":7,"column":349}},"line":7},"2":{"name":"(anonymous_2)","decl":{"start":{"line":7,"column":357},"end":{"line":7,"column":358}},"loc":{"start":{"line":7,"column":405},"end":{"line":7,"column":558}},"line":7},"3":{"name":"_interopRequireDefault","decl":{"start":{"line":17,"column":9},"end":{"line":17,"column":31}},"loc":{"start":{"line":17,"column":37},"end":{"line":17,"column":95}},"line":17},"4":{"name":"_classCallCheck","decl":{"start":{"line":19,"column":9},"end":{"line":19,"column":24}},"loc":{"start":{"line":19,"column":48},"end":{"line":19,"column":153}},"line":19},"5":{"name":"(anonymous_5)","decl":{"start":{"line":25,"column":18},"end":{"line":25,"column":19}},"loc":{"start":{"line":25,"column":30},"end":{"line":63,"column":1}},"line":25},"6":{"name":"verifyToken","decl":{"start":{"line":26,"column":11},"end":{"line":26,"column":22}},"loc":{"start":{"line":26,"column":25},"end":{"line":28,"column":3}},"line":26},"7":{"name":"authenticate","decl":{"start":{"line":32,"column":20},"end":{"line":32,"column":32}},"loc":{"start":{"line":32,"column":49},"end":{"line":59,"column":5}},"line":32},"8":{"name":"(anonymous_8)","decl":{"start":{"line":45,"column":58},"end":{"line":45,"column":59}},"loc":{"start":{"line":45,"column":83},"end":{"line":57,"column":7}},"line":45}},"branchMap":{"0":{"loc":{"start":{"line":7,"column":168},"end":{"line":7,"column":198}},"type":"binary-expr","locations":[{"start":{"line":7,"column":168},"end":{"line":7,"column":189}},{"start":{"line":7,"column":193},"end":{"line":7,"column":198}}],"line":7},"1":{"loc":{"start":{"line":7,"column":232},"end":{"line":7,"column":286}},"type":"if","locations":[{"start":{"line":7,"column":232},"end":{"line":7,"column":286}},{"start":{"line":7,"column":232},"end":{"line":7,"column":286}}],"line":7},"2":{"loc":{"start":{"line":7,"column":407},"end":{"line":7,"column":475}},"type":"if","locations":[{"start":{"line":7,"column":407},"end":{"line":7,"column":475}},{"start":{"line":7,"column":407},"end":{"line":7,"column":475}}],"line":7},"3":{"loc":{"start":{"line":7,"column":476},"end":{"line":7,"column":536}},"type":"if","locations":[{"start":{"line":7,"column":476},"end":{"line":7,"column":536}},{"start":{"line":7,"column":476},"end":{"line":7,"column":536}}],"line":7},"4":{"loc":{"start":{"line":17,"column":46},"end":{"line":17,"column":92}},"type":"cond-expr","locations":[{"start":{"line":17,"column":70},"end":{"line":17,"column":73}},{"start":{"line":17,"column":76},"end":{"line":17,"column":92}}],"line":17},"5":{"loc":{"start":{"line":17,"column":46},"end":{"line":17,"column":67}},"type":"binary-expr","locations":[{"start":{"line":17,"column":46},"end":{"line":17,"column":49}},{"start":{"line":17,"column":53},"end":{"line":17,"column":67}}],"line":17},"6":{"loc":{"start":{"line":19,"column":50},"end":{"line":19,"column":151}},"type":"if","locations":[{"start":{"line":19,"column":50},"end":{"line":19,"column":151}},{"start":{"line":19,"column":50},"end":{"line":19,"column":151}}],"line":19},"7":{"loc":{"start":{"line":36,"column":6},"end":{"line":42,"column":7}},"type":"if","locations":[{"start":{"line":36,"column":6},"end":{"line":42,"column":7}},{"start":{"line":36,"column":6},"end":{"line":42,"column":7}}],"line":36},"8":{"loc":{"start":{"line":46,"column":8},"end":{"line":53,"column":9}},"type":"if","locations":[{"start":{"line":46,"column":8},"end":{"line":53,"column":9}},{"start":{"line":46,"column":8},"end":{"line":53,"column":9}}],"line":46}},"s":{"0":1,"1":1,"2":1,"3":1,"4":1,"5":1,"6":1,"7":1,"8":1,"9":1,"10":1,"11":0,"12":1,"13":1,"14":1,"15":1,"16":1,"17":1,"18":1,"19":2,"20":0,"21":0,"22":1,"23":1,"24":1,"25":0,"26":1,"27":25,"28":25,"29":1,"30":24,"31":24,"32":1,"33":23,"34":23,"35":24,"36":1,"37":1},"f":{"0":1,"1":1,"2":1,"3":2,"4":0,"5":1,"6":0,"7":25,"8":24},"b":{"0":[1,1],"1":[1,0],"2":[0,1],"3":[1,0],"4":[0,2],"5":[2,2],"6":[0,0],"7":[1,24],"8":[1,23]},"_coverageSchema":"d34fc3e6b8297bcde183f5492bcb8fcb36775295","hash":"42c7eb0c15118eb5179d8ef5204754ba39ed9bba","contentHash":"2c153cf0e0c568575a11d6c8416cac2d"},"C:\\Users\\User\\Desktop\\Store_Manager_develop\\server\\middlewares\\verifyAdmin.js":{"path":"C:\\Users\\User\\Desktop\\Store_Manager_develop\\server\\middlewares\\verifyAdmin.js","statementMap":{"0":{"start":{"line":3,"column":0},"end":{"line":5,"column":3}},"1":{"start":{"line":7,"column":19},"end":{"line":7,"column":563}},"2":{"start":{"line":7,"column":76},"end":{"line":7,"column":347}},"3":{"start":{"line":7,"column":134},"end":{"line":7,"column":142}},"4":{"start":{"line":7,"column":144},"end":{"line":7,"column":199}},"5":{"start":{"line":7,"column":200},"end":{"line":7,"column":231}},"6":{"start":{"line":7,"column":232},"end":{"line":7,"column":286}},"7":{"start":{"line":7,"column":259},"end":{"line":7,"column":286}},"8":{"start":{"line":7,"column":287},"end":{"line":7,"column":345}},"9":{"start":{"line":7,"column":350},"end":{"line":7,"column":559}},"10":{"start":{"line":7,"column":407},"end":{"line":7,"column":475}},"11":{"start":{"line":7,"column":423},"end":{"line":7,"column":475}},"12":{"start":{"line":7,"column":476},"end":{"line":7,"column":536}},"13":{"start":{"line":7,"column":493},"end":{"line":7,"column":536}},"14":{"start":{"line":7,"column":537},"end":{"line":7,"column":556}},"15":{"start":{"line":9,"column":50},"end":{"line":9,"column":151}},"16":{"start":{"line":9,"column":92},"end":{"line":9,"column":149}},"17":{"start":{"line":11,"column":18},"end":{"line":35,"column":3}},"18":{"start":{"line":13,"column":4},"end":{"line":13,"column":39}},"19":{"start":{"line":16,"column":2},"end":{"line":32,"column":6}},"20":{"start":{"line":19,"column":6},"end":{"line":29,"column":7}},"21":{"start":{"line":20,"column":19},"end":{"line":20,"column":36}},"22":{"start":{"line":23,"column":8},"end":{"line":28,"column":9}},"23":{"start":{"line":24,"column":10},"end":{"line":27,"column":13}},"24":{"start":{"line":30,"column":6},"end":{"line":30,"column":20}},"25":{"start":{"line":34,"column":2},"end":{"line":34,"column":21}},"26":{"start":{"line":37,"column":0},"end":{"line":37,"column":30}}},"fnMap":{"0":{"name":"(anonymous_0)","decl":{"start":{"line":7,"column":19},"end":{"line":7,"column":20}},"loc":{"start":{"line":7,"column":31},"end":{"line":7,"column":561}},"line":7},"1":{"name":"defineProperties","decl":{"start":{"line":7,"column":42},"end":{"line":7,"column":58}},"loc":{"start":{"line":7,"column":74},"end":{"line":7,"column":349}},"line":7},"2":{"name":"(anonymous_2)","decl":{"start":{"line":7,"column":357},"end":{"line":7,"column":358}},"loc":{"start":{"line":7,"column":405},"end":{"line":7,"column":558}},"line":7},"3":{"name":"_classCallCheck","decl":{"start":{"line":9,"column":9},"end":{"line":9,"column":24}},"loc":{"start":{"line":9,"column":48},"end":{"line":9,"column":153}},"line":9},"4":{"name":"(anonymous_4)","decl":{"start":{"line":11,"column":18},"end":{"line":11,"column":19}},"loc":{"start":{"line":11,"column":30},"end":{"line":35,"column":1}},"line":11},"5":{"name":"verifyAdmin","decl":{"start":{"line":12,"column":11},"end":{"line":12,"column":22}},"loc":{"start":{"line":12,"column":25},"end":{"line":14,"column":3}},"line":12},"6":{"name":"isAdmin","decl":{"start":{"line":18,"column":20},"end":{"line":18,"column":27}},"loc":{"start":{"line":18,"column":44},"end":{"line":31,"column":5}},"line":18}},"branchMap":{"0":{"loc":{"start":{"line":7,"column":168},"end":{"line":7,"column":198}},"type":"binary-expr","locations":[{"start":{"line":7,"column":168},"end":{"line":7,"column":189}},{"start":{"line":7,"column":193},"end":{"line":7,"column":198}}],"line":7},"1":{"loc":{"start":{
[...]
olumn":7}},"50":{"start":{"line":75,"column":6},"end":{"line":75,"column":71}},"51":{"start":{"line":76,"column":6},"end":{"line":76,"column":39}},"52":{"start":{"line":77,"column":6},"end":{"line":77,"column":13}},"53":{"start":{"line":80,"column":2},"end":{"line":88,"column":5}},"54":{"start":{"line":81,"column":4},"end":{"line":87,"column":7}},"55":{"start":{"line":82,"column":6},"end":{"line":82,"column":67}},"56":{"start":{"line":83,"column":6},"end":{"line":83,"column":83}},"57":{"start":{"line":84,"column":6},"end":{"line":84,"column":64}},"58":{"start":{"line":85,"column":6},"end":{"line":85,"column":39}},"59":{"start":{"line":86,"column":6},"end":{"line":86,"column":13}}},"fnMap":{"0":{"name":"_interopRequireDefault","decl":{"start":{"line":17,"column":9},"end":{"line":17,"column":31}},"loc":{"start":{"line":17,"column":37},"end":{"line":17,"column":95}},"line":17},"1":{"name":"(anonymous_1)","decl":{"start":{"line":28,"column":21},"end":{"line":28,"column":22}},"loc":{"start":{"line":28,"column":33},"end":{"line":89,"column":1}},"line":28},"2":{"name":"(anonymous_2)","decl":{"start":{"line":29,"column":9},"end":{"line":29,"column":10}},"loc":{"start":{"line":29,"column":25},"end":{"line":37,"column":3}},"line":29},"3":{"name":"(anonymous_3)","decl":{"start":{"line":30,"column":89},"end":{"line":30,"column":90}},"loc":{"start":{"line":30,"column":109},"end":{"line":32,"column":5}},"line":30},"4":{"name":"(anonymous_4)","decl":{"start":{"line":33,"column":85},"end":{"line":33,"column":86}},"loc":{"start":{"line":33,"column":105},"end":{"line":36,"column":5}},"line":33},"5":{"name":"(anonymous_5)","decl":{"start":{"line":38,"column":57},"end":{"line":38,"column":58}},"loc":{"start":{"line":38,"column":73},"end":{"line":44,"column":3}},"line":38},"6":{"name":"(anonymous_6)","decl":{"start":{"line":39,"column":103},"end":{"line":39,"column":104}},"loc":{"start":{"line":39,"column":123},"end":{"line":43,"column":5}},"line":39},"7":{"name":"(anonymous_7)","decl":{"start":{"line":45,"column":49},"end":{"line":45,"column":50}},"loc":{"start":{"line":45,"column":65},"end":{"line":51,"column":3}},"line":45},"8":{"name":"(anonymous_8)","decl":{"start":{"line":46,"column":106},"end":{"line":46,"column":107}},"loc":{"start":{"line":46,"column":126},"end":{"line":50,"column":5}},"line":46},"9":{"name":"(anonymous_9)","decl":{"start":{"line":52,"column":54},"end":{"line":52,"column":55}},"loc":{"start":{"line":52,"column":70},"end":{"line":58,"column":3}},"line":52},"10":{"name":"(anonymous_10)","decl":{"start":{"line":53,"column":106},"end":{"line":53,"column":107}},"loc":{"start":{"line":53,"column":126},"end":{"line":57,"column":5}},"line":53},"11":{"name":"(anonymous_11)","decl":{"start":{"line":59,"column":45},"end":{"line":59,"column":46}},"loc":{"start":{"line":59,"column":61},"end":{"line":65,"column":3}},"line":59},"12":{"name":"(anonymous_12)","decl":{"start":{"line":60,"column":105},"end":{"line":60,"column":106}},"loc":{"start":{"line":60,"column":125},"end":{"line":64,"column":5}},"line":60},"13":{"name":"(anonymous_13)","decl":{"start":{"line":66,"column":56},"end":{"line":66,"column":57}},"loc":{"start":{"line":66,"column":72},"end":{"line":72,"column":3}},"line":66},"14":{"name":"(anonymous_14)","decl":{"start":{"line":67,"column":123},"end":{"line":67,"column":124}},"loc":{"start":{"line":67,"column":143},"end":{"line":71,"column":5}},"line":67},"15":{"name":"(anonymous_15)","decl":{"start":{"line":73,"column":48},"end":{"line":73,"column":49}},"loc":{"start":{"line":73,"column":64},"end":{"line":79,"column":3}},"line":73},"16":{"name":"(anonymous_16)","decl":{"start":{"line":74,"column":122},"end":{"line":74,"column":123}},"loc":{"start":{"line":74,"column":142},"end":{"line":78,"column":5}},"line":74},"17":{"name":"(anonymous_17)","decl":{"start":{"line":80,"column":52},"end":{"line":80,"column":53}},"loc":{"start":{"line":80,"column":68},"end":{"line":88,"column":3}},"line":80},"18":{"name":"(anonymous_18)","decl":{"start":{"line":81,"column":120},"end":{"line":81,"column":121}},"loc":{"start":{"line":81,"column":140},"end":{"line":87,"column":5}},"line":81}},"branchMap":{"0":{"loc":{"start":{"line":17,"column":46},"end":{"line":17,"column":92}},"type":"cond-expr","locations":[{"start":{"line":17,"column":70},"end":{"line":17,"column":73}},{"start":{"line":17,"column":76},"end":{"line":17,"column":92}}],"line":17},"1":{"loc":{"start":{"line":17,"column":46},"end":{"line":17,"column":67}},"type":"binary-expr","locations":[{"start":{"line":17,"column":46},"end":{"line":17,"column":49}},{"start":{"line":17,"column":53},"end":{"line":17,"column":67}}],"line":17}},"s":{"0":1,"1":1,"2":1,"3":1,"4":1,"5":1,"6":1,"7":3,"8":1,"9":1,"10":1,"11":1,"12":1,"13":1,"14":1,"15":1,"16":1,"17":1,"18":1,"19":1,"20":1,"21":1,"22":1,"23":1,"24":1,"25":1,"26":1,"27":1,"28":1,"29":1,"30":1,"31":1,"32":1,"33":1,"34":1,"35":1,"36":1,"37":1,"38":1,"39":1,"40":1,"41":1,"42":1,"43":1,"44":1,"45":1,"46":1,"47":1,"48":1,"49":1,"50":1,"51":1,"52":1,"53":1,"54":1,"55":1,"56":1,"57":1,"58":1,"59":1},"f":{"0":3,"1":1,"2":1,"3":1,"4":1,"5":1,"6":1,"7":1,"8":1,"9":1,"10":1,"11":1,"12":1,"13":1,"14":1,"15":1,"16":1,"17":1,"18":1},"b":{"0":[1,2],"1":[3,3]},"_coverageSchema":"d34fc3e6b8297bcde183f5492bcb8fcb36775295","hash":"b480a04e5afb8efea0e1c57e18bb8d95e95db64e","contentHash":"098303d00ab28d875700b4dcccbbf57d"},"C:\\Users\\User\\Desktop\\Store_Manager_develop\\server\\test\\controllers\\c_saleController.js":{"path":"C:\\Users\\User\\Desktop\\Store_Manager_develop\\server\\test\\controllers\\c_saleController.js","statementMap":{"0":{"start":{"line":3,"column":12},"end":{"line":3,"column":27}},"1":{"start":{"line":5,"column":13},"end":{"line":5,"column":42}},"2":{"start":{"line":7,"column":16},"end":{"line":7,"column":36}},"3":{"start":{"line":9,"column":17},"end":{"line":9,"column":50}},"4":{"start":{"line":11,"column":11},"end":{"line":11,"column":34}},"5":{"start":{"line":13,"column":12},"end":{"line":13,"column":40}},"6":{"start":{"line":15,"column":16},"end":{"line":15,"column":38}},"7":{"start":{"line":17,"column":39},"end":{"line":17,"column":93}},"8":{"start":{"line":19,"column":16},"end":{"line":19,"column":22}},"9":{"start":{"line":20,"column":17},"end":{"line":20,"column":23}},"10":{"start":{"line":21,"column":17},"end":{"line":21,"column":23}},"11":{"start":{"line":22,"column":0},"end":{"line":22,"column":39}},"12":{"start":{"line":23,"column":13},"end":{"line":23,"column":34}},"13":{"start":{"line":24,"column":12},"end":{"line":24,"column":39}},"14":{"start":{"line":25,"column":16},"end":{"line":25,"column":47}},"15":{"start":{"line":26,"column":17},"end":{"line":26,"column":49}},"16":{"start":{"line":27,"column":17},"end":{"line":27,"column":49}},"17":{"start":{"line":28,"column":16},"end":{"line":28,"column":47}},"18":{"start":{"line":30,"column":0},"end":{"line":107,"column":3}},"19":{"start":{"line":31,"column":2},"end":{"line":42,"column":5}},"20":{"start":{"line":32,"column":4},"end":{"line":34,"column":7}},"21":{"start":{"line":33,"column":6},"end":{"line":33,"column":34}},"22":{"start":{"line":35,"column":4},"end":{"line":37,"column":7}},"23":{"start":{"line":36,"column":6},"end":{"line":36,"column":34}},"24":{"start":{"line":38,"column":4},"end":{"line":41,"column":7}},"25":{"start":{"line":39,"column":6},"end":{"line":39,"column":33}},"26":{"start":{"line":40,"column":6},"end":{"line":40,"column":13}},"27":{"start":{"line":43,"column":2},"end":{"line":49,"column":5}},"28":{"start":{"line":44,"column":4},"end":{"line":48,"column":7}},"29":{"start":{"line":45,"column":6},"end":{"line":45,"column":49}},"30":{"start":{"line":46,"column":6},"end":{"line":46,"column":39}},"31":{"start":{"line":47,"column":6},"end":{"line":47,"column":13}},"32":{"start":{"line":50,"column":2},"end":{"line":56,"column":5}},"33":{"start":{"line":51,"column":4},"end":{"line":55,"column":7}},"34":{"start":{"line":52,"column":6},"end":{"line":52,"column":62}},"35":{"start":{"line":53,"column":6},"end":{"line":53,"column":39}},"36":{"start":{"line":54,"column":6},"end":{"line":54,"column":13}},"37":{"start":{"line":57,"column":2},"end":{"line":63,"column":5}},"38":{"start":{"line":58,"column":4},"end":{"line":62,"column":7}},"39":{"start":{"line":59,"column":6},"end":{"line":59,"column":49}},"40":{"start":{"line":60,"column":6},"end":{"line":60,"column":39}},"41":{"start":{"line":61,"column":6},"end":{"line":61,"column":13}},"42":{"start":{"line":64,"column":2},"end":{"line":71,"column":5}},"43":{"start":{"line":65,"column":4},"end":{"line":70,"column":7}},"44":{"start":{"line":66,"column":6},"end":{"line":66,"column":54}},"45":{"start":{"line":67,"column":6},"end":{"line":67,"column":42}},"46":{"start":{"line":68,"column":6},"end":{"line":68,"column":39}},"47":{"start":{"line":69,"column":6},"end":{"line":69,"column":13}},"48":{"start":{"line":72,"column":2},"end":{"line":78,"column":5}},"49":{"start":{"line":73,"column":4},"end":{"line":77,"column":7}},"50":{"start":{"line":74,"column":6},"end":{"line":74,"column":49}},"51":{"start":{"line":75,"column":6},"end":{"line":75,"column":39}},"52":{"start":{"line":76,"column":6},"end":{"line":76,"column":13}},"53":{"start":{"line":79,"column":2},"end":{"line":85,"column":5}},"54":{"start":{"line":80,"column":4},"end":{"line":84,"column":7}},"55":{"start":{"line":81,"column":6},"end":{"line":81,"column":59}},"56":{"start":{"line":82,"column":6},"end":{"line":82,"column":39}},"57":{"start":{"line":83,"column":6},"end":{"line":83,"column":13}},"58":{"start":{"line":86,"column":2},"end":{"line":92,"column":5}},"59":{"start":{"line":87,"column":4},"end":{"line":91,"column":7}},"60":{"start":{"line":88,"column":6},"end":{"line":88,"column":66}},"61":{"start":{"line":89,"column":6},"end":{"line":89,"column":39}},"62":{"start":{"line":90,"column":6},"end":{"line":90,"column":13}},"63":{"start":{"line":93,"column":2},"end":{"line":99,"column":5}},"64":{"start":{"line":94,"column":4},"end":{"line":98,"column":7}},"65":{"start":{"line":95,"column":6},"end":{"line":95,"column":66}},"66":{"start":{"line":96,"column":6},"end":{"line":96,"column":39}},"67":{"start":{"line":97,"column":6},"end":{"line":97,"column":13}},"68":{"start":{"line":100,"column":2},"end":{"line":106,"column":5}},"69":{"start":{"line":101,"column":4},"end":{"line":105,"column":7}},"70":{"start":{"line":102,"column":6},"end":{"line":102,"column":68}},"71":{"start":{"line":103,"column":6},"end":{"line":103,"column":39}},"72":{"start":{"line":104,"column":6},"end":{"line":104,"column":13}}},"fnMap":{"0":{"name":"_interopRequireDefault","decl":{"start":{"line":17,"column":9},"end":{"line":17,"column":31}},"loc":{"start":{"line":17,"column":37},"end":{"line":17,"column":95}},"line":17},"1":{"name":"(anonymous_1)","decl":{"start":{"line":30,"column":18},"end":{"line":30,"column":19}},"loc":{"start":{"line":30,"column":30},"end":{"line":107,"column":1}},"line":30},"2":{"name":"(anonymous_2)","decl":{"start":{"line":31,"column":9},"end":{"line":31,"column":10}},"loc":{"start":{"line":31,"column":25},"end":{"line":42,"column":3}},"line":31},"3":{"name":"(anonymous_3)","decl":{"start":{"line":32,"column":89},"end":{"line":32,"column":90}},"loc":{"start":{"line":32,"column":109},"end":{"line":34,"column":5}},"line":32},"4":{"name":"(anonymous_4)","decl":{"start":{"line":35,"column":90},"end":{"line":35,"column":91}},"loc":{"start":{"line":35,"column":110},"end":{"line":37,"column":5}},"line":35},"5":{"name":"(anonymous_5)","decl":{"start":{"line":38,"column":85},"end":{"line":38,"column":86}},"loc":{"start":{"line":38,"column":105},"end":{"line":41,"column":5}},"line":38},"6":{"name":"(anonymous_6)","decl":{"start":{"line":43,"column":49},"end":{"line":43,"column":50}},"loc":{"start":{"line":43,"column":65},"end":{"line":49,"column":3}},"line":43},"7":{"name":"(anonymous_7)","decl":{"start":{"line":44,"column":99},"end":{"line":44,"column":100}},"loc":{"start":{"line":44,"column":119},"end":{"line":48,"column":5}},"line":44},"8":{"name":"(anonymous_8)","decl":{"start":{"line":50,"column":57},"end":{"line":50,"column":58}},"loc":{"start":{"line":50,"column":73},"end":{"line":56,"column":3}},"line":50},"9":{"name":"(anonymous_9)","decl":{"start":{"line":51,"column":100},"end":{"line":51,"column":101}},"loc":{"start":{"line":51,"column":120},"end":{"line":55,"column":5}},"line":51},"10":{"name":"(anonymous_10)","decl":{"start":{"line":57,"column":61},"end":{"line":57,"column":62}},"loc":{"start":{"line":57,"column":77},"end":{"line":63,"column":3}},"line":57},"11":{"name":"(anonymous_11)","decl":{"start":{"line":58,"column":102},"end":{"line":58,"column":103}},"loc":{"start":{"line":58,"column":122},"end":{"line":62,"column":5}},"line":58},"12":{"name":"(anonymous_12)","decl":{"start":{"line":64,"column":74},"end":{"line":64,"column":75}},"loc":{"start":{"line":64,"column":90},"end":{"line":71,"column":3}},"line":64},"13":{"name":"(anonymous_13)","decl":{"start":{"line":65,"column":102},"end":{"line":65,"column":103}},"loc":{"start":{"line":65,"column":122},"end":{"line":70,"column":5}},"line":65},"14":{"name":"(anonymous_14)","decl":{"start":{"line":72,"column":62},"end":{"line":72,"column":63}},"loc":{"start":{"line":72,"column":78},"end":{"line":78,"column":3}},"line":72},"15":{"name":"(anonymous_15)","decl":{"start":{"line":73,"column":105},"end":{"line":73,"column":106}},"loc":{"start":{"line":73,"column":125},"end":{"line":77,"column":5}},"line":73},"16":{"name":"(anonymous_16)","decl":{"start":{"line":79,"column":81},"end":{"line":79,"column":82}},"loc":{"start":{"line":79,"column":97},"end":{"line":85,"column":3}},"line":79},"17":{"name":"(anonymous_17)","decl":{"start":{"line":80,"column":105},"end":{"line":80,"column":106}},"loc":{"start":{"line":80,"column":125},"end":{"line":84,"column":5}},"line":80},"18":{"name":"(anonymous_18)","decl":{"start":{"line":86,"column":50},"end":{"line":86,"column":51}},"loc":{"start":{"line":86,"column":66},"end":{"line":92,"column":3}},"line":86},"19":{"name":"(anonymous_19)","decl":{"start":{"line":87,"column":118},"end":{"line":87,"column":119}},"loc":{"start":{"line":87,"column":138},"end":{"line":91,"column":5}},"line":87},"20":{"name":"(anonymous_20)","decl":{"start":{"line":93,"column":61},"end":{"line":93,"column":62}},"loc":{"start":{"line":93,"column":77},"end":{"line":99,"column":3}},"line":93},"21":{"name":"(anonymous_21)","decl":{"start":{"line":94,"column":116},"end":{"line":94,"column":117}},"loc":{"start":{"line":94,"column":136},"end":{"line":98,"column":5}},"line":94},"22":{"name":"(anonymous_22)","decl":{"start":{"line":100,"column":53},"end":{"line":100,"column":54}},"loc":{"start":{"line":100,"column":69},"end":{"line":106,"column":3}},"line":100},"23":{"name":"(anonymous_23)","decl":{"start":{"line":101,"column":117},"end":{"line":101,"column":118}},"loc":{"start":{"line":101,"column":137},"end":{"line":105,"column":5}},"line":101}},"branchMap":{"0":{"loc":{"start":{"line":17,"column":46},"end":{"line":17,"column":92}},"type":"cond-expr","locations":[{"start":{"line":17,"column":70},"end":{"line":17,"column":73}},{"start":{"line":17,"column":76},"end":{"line":17,"column":92}}],"line":17},"1":{"loc":{"start":{"line":17,"column":46},"end":{"line":17,"column":67}},"type":"binary-expr","locations":[{"start":{"line":17,"column":46},"end":{"line":17,"column":49}},{"start":{"line":17,"column":53},"end":{"line":17,"column":67}}],"line":17}},"s":{"0":1,"1":1,"2":1,"3":1,"4":1,"5":1,"6":1,"7":3,"8":1,"9":1,"10":1,"11":1,"12":1,"13":1,"14":1,"15":1,"16":1,"17":1,"18":1,"19":1,"20":1,"21":1,"22":1,"23":1,"24":1,"25":1,"26":1,"27":1,"28":1,"29":1,"30":1,"31":1,"32":1,"33":1,"34":1,"35":1,"36":1,"37":1,"38":1,"39":1,"40":1,"41":1,"42":1,"43":1,"44":1,"45":1,"46":1,"47":1,"48":1,"49":1,"50":1,"51":1,"52":1,"53":1,"54":1,"55":1,"56":1,"57":1,"58":1,"59":1,"60":1,"61":1,"62":1,"63":1,"64":1,"65":1,"66":1,"67":1,"68":1,"69":1,"70":1,"71":1,"72":1},"f":{"0":3,"1":1,"2":1,"3":1,"4":1,"5":1,"6":1,"7":1,"8":1,"9":1,"10":1,"11":1,"12":1,"13":1,"14":1,"15":1,"16":1,"17":1,"18":1,"19":1,"20":1,"21":1,"22":1,"23":1},"b":{"0":[1,2],"1":[3,3]},"_coverageSchema":"d34fc3e6b8297bcde183f5492bcb8fcb36775295","hash":"373e86add7ba363e1a0b51d179793700e7b2b70b","contentHash":"cea0b2eb959b726bda1b44b7066fea4c"},"C:\\Users\\User\\Desktop\\Store_Manager_develop\\server\\test\\middlewares\\middlewaresTest.js":{"path":"C:\\Users\\User\\Desktop\\Store_Manager_develop\\server\\test\\middlewares\\middlewaresTest.js","statementMap":{"0":{"start":{"line":3,"column":12},"end":{"line":3,"column":27}},"1":{"start":{"line":5,"column":13},"end":{"line":5,"column":42}},"2":{"start":{"line":7,"column":16},"end":{"line":7,"column":36}},"3":{"start":{"line":9,"column":17},"end":{"line":9,"column":50}},"4":{"start":{"line":11,"column":19},"end":{"line":11,"column":59}},"5":{"start":{"line":13,"column":20},"end":{"line":13,"column":56}},"6":{"start":{"line":15,"column":23},"end":{"line":15,"column":67}},"7":{"start":{"line":17,"column":24},"end":{"line":17,"column":64}},"8":{"start":{"line":19,"column":39},"end":{"line":19,"column":93}},"9":{"start":{"line":21,"column":0},"end":{"line":21,"column":39}},"10":{"start":{"line":22,"column":13},"end":{"line":22,"column":34}},"11":{"start":{"line":23,"column":18},"end":{"line":23,"column":55}},"12":{"start":{"line":24,"column":14},"end":{"line":24,"column":43}},"13":{"start":{"line":30,"column":0},"end":{"line":46,"column":3}},"14":{"start":{"line":31,"column":2},"end":{"line":33,"column":5}},"15":{"start":{"line":32,"column":4},"end":{"line":32,"column":40}},"16":{"start":{"line":35,"column":2},"end":{"line":37,"column":5}},"17":{"start":{"line":36,"column":4},"end":{"line":36,"column":39}},"18":{"start":{"line":39,"column":2},"end":{"line":41,"column":5}},"19":{"start":{"line":40,"column":4},"end":{"line":40,"column":44}},"20":{"start":{"line":43,"column":2},"end":{"line":45,"column":5}},"21":{"start":{"line":44,"column":4},"end":{"line":44,"column":43}}},"fnMap":{"0":{"name":"_interopRequireDefault","decl":{"start":{"line":19,"column":9},"end":{"line":19,"column":31}},"loc":{"start":{"line":19,"column":37},"end":{"line":19,"column":95}},"line":19},"1":{"name":"(anonymous_1)","decl":{"start":{"line":30,"column":40},"end":{"line":30,"column":41}},"loc":{"start":{"line":30,"column":52},"end":{"line":46,"column":1}},"line":30},"2":{"name":"(anonymous_2)","decl":{"start":{"line":31,"column":35},"end":{"line":31,"column":36}},"loc":{"start":{"line":31,"column":47},"end":{"line":33,"column":3}},"line":31},"3":{"name":"(anonymous_3)","decl":{"start":{"line":35,"column":38},"end":{"line":35,"column":39}},"loc":{"start":{"line":35,"column":50},"end":{"line":37,"column":3}},"line":35},"4":{"name":"(anonymous_4)","decl":{"start":{"line":39,"column":35},"end":{"line":39,"column":36}},"loc":{"start":{"line":39,"column":47},"end":{"line":41,"column":3}},"line":39},"5":{"name":"(anonymous_5)","decl":{"start":{"line":43,"column":38},"end":{"line":43,"column":39}},"loc":{"start":{"line":43,"column":50},"end":{"line":45,"column":3}},"line":43}},"branchMap":{"0":{"loc":{"start":{"line":19,"column":46},"end":{"line":19,"column":92}},"type":"cond-expr","locations":[{"start":{"line":19,"column":70},"end":{"line":19,"column":73}},{"start":{"line":19,"column":76},"end":{"line":19,"column":92}}],"line":19},"1":{"loc":{"start":{"line":19,"column":46},"end":{"line":19,"column":67}},"type":"binary-expr","locations":[{"start":{"line":19,"column":46},"end":{"line":19,"column":49}},{"start":{"line":19,"column":53},"end":{"line":19,"column":67}}],"line":19}},"s":{"0":1,"1":1,"2":1,"3":1,"4":1,"5":1,"6":1,"7":1,"8":4,"9":1,"10":1,"11":1,"12":1,"13":1,"14":1,"15":1,"16":1,"17":1,"18":1,"19":1,"20":1,"21":1},"f":{"0":4,"1":1,"2":1,"3":1,"4":1,"5":1},"b":{"0":[2,2],"1":[4,4]},"_coverageSchema":"d34fc3e6b8297bcde183f5492bcb8fcb36775295","hash":"eee182fd8ab7fb4f6c57a5a849360e676b44cc28","contentHash":"c67ddd2caa3f70afde12af699fbee1d1"}}